Assuming unrestricted shared filesystem usage.
host: fedora
Building DAG of jobs...
Using shell: /usr/bin/bash
Provided cores: 8
Rules claiming more threads will be scaled down.
Job stats:
job      count
-----  -------
all          1
total        1

Select jobs to execute...
Execute 1 jobs...
[Sun Apr  5 13:16:42 2026]
localrule all:
    jobid: 0
    reason: Rules with neither input nor output files are always executed.
    resources: tmpdir=/tmp
[Sun Apr  5 13:16:42 2026]
Finished jobid: 0 (Rule: all)
1 of 1 steps (100%) done
Complete log(s): /home/odd/genomics/.snakemake/log/2026-04-05T131642.788730.snakemake.log
