Config file config.yaml is extended by additional config specified via the command line.
Assuming unrestricted shared filesystem usage.
host: odd-alexander-tellefsen-NGS-HP-Z4-G5-Workstation-Desktop-PC
Building DAG of jobs...
Using shell: /usr/bin/bash
Provided cores: 16
Rules claiming more threads will be scaled down.
Job stats:
job                 count
----------------  -------
fastp                   9
assemble                9
identify_species        9
report                  9
all                     1
total                  37

Select jobs to execute...
Execute 2 jobs...
[Fri May 29 13:01:07 2026]
localrule fastp:
    input: /srv/data/28-05-2026/3t2/3t2_S9_L001_R1.fastq.gz, /srv/data/28-05-2026/3t2/3t2_S9_L001_R2.fastq.gz
    output: /srv/results/28-05-2026/3t2/Trimmed/R1.fastq.gz, /srv/results/28-05-2026/3t2/Trimmed/R2.fastq.gz, /srv/results/28-05-2026/3t2/QC/fastp.json, /srv/results/28-05-2026/3t2/QC/fastp.html
    log: /srv/results/28-05-2026/3t2/logs/fastp.log
    jobid: 20
    reason: Missing output files: /srv/results/28-05-2026/3t2/Trimmed/R1.fastq.gz, /srv/results/28-05-2026/3t2/Trimmed/R2.fastq.gz
    wildcards: sample=28-05-2026/3t2
    threads: 8
    resources: tmpdir=/tmp
[Fri May 29 13:01:07 2026]
localrule fastp:
    input: /srv/data/28-05-2026/3w/3w_S2_L001_R1.fastq.gz, /srv/data/28-05-2026/3w/3w_S2_L001_R2.fastq.gz
    output: /srv/results/28-05-2026/3w/Trimmed/R1.fastq.gz, /srv/results/28-05-2026/3w/Trimmed/R2.fastq.gz, /srv/results/28-05-2026/3w/QC/fastp.json, /srv/results/28-05-2026/3w/QC/fastp.html
    log: /srv/results/28-05-2026/3w/logs/fastp.log
    jobid: 32
    reason: Missing output files: /srv/results/28-05-2026/3w/Trimmed/R1.fastq.gz, /srv/results/28-05-2026/3w/Trimmed/R2.fastq.gz
    wildcards: sample=28-05-2026/3w
    threads: 8
    resources: tmpdir=/tmp
Select jobs to execute...
[Fri May 29 13:01:09 2026]
Finished jobid: 32 (Rule: fastp)
1 of 37 steps (3%) done
Execute 1 jobs...
[Fri May 29 13:01:10 2026]
localrule fastp:
    input: /srv/data/28-05-2026/3z/3z_S4_L001_R1.fastq.gz, /srv/data/28-05-2026/3z/3z_S4_L001_R2.fastq.gz
    output: /srv/results/28-05-2026/3z/Trimmed/R1.fastq.gz, /srv/results/28-05-2026/3z/Trimmed/R2.fastq.gz, /srv/results/28-05-2026/3z/QC/fastp.json, /srv/results/28-05-2026/3z/QC/fastp.html
    log: /srv/results/28-05-2026/3z/logs/fastp.log
    jobid: 36
    reason: Missing output files: /srv/results/28-05-2026/3z/Trimmed/R1.fastq.gz, /srv/results/28-05-2026/3z/Trimmed/R2.fastq.gz
    wildcards: sample=28-05-2026/3z
    threads: 8
    resources: tmpdir=/tmp
Select jobs to execute...
[Fri May 29 13:01:10 2026]
Finished jobid: 20 (Rule: fastp)
2 of 37 steps (5%) done
Execute 1 jobs...
[Fri May 29 13:01:10 2026]
localrule assemble:
    input: /srv/results/28-05-2026/3t2/Trimmed/R1.fastq.gz, /srv/results/28-05-2026/3t2/Trimmed/R2.fastq.gz
    output: /srv/results/28-05-2026/3t2/Assembly/contigs.fa
    log: /srv/results/28-05-2026/3t2/logs/assemble.log
    jobid: 19
    reason: Missing output files: /srv/results/28-05-2026/3t2/Assembly/contigs.fa; Input files updated by another job: /srv/results/28-05-2026/3t2/Trimmed/R1.fastq.gz, /srv/results/28-05-2026/3t2/Trimmed/R2.fastq.gz
    wildcards: sample=28-05-2026/3t2
    threads: 8
    resources: tmpdir=/tmp, mem_mb=12000, mem=12 GB, mem_mib=11445
Select jobs to execute...
[Fri May 29 13:01:12 2026]
Finished jobid: 36 (Rule: fastp)
3 of 37 steps (8%) done
Execute 1 jobs...
[Fri May 29 13:01:12 2026]
localrule fastp:
    input: /srv/data/28-05-2026/4d/4d_S5_L001_R1.fastq.gz, /srv/data/28-05-2026/4d/4d_S5_L001_R2.fastq.gz
    output: /srv/results/28-05-2026/4d/Trimmed/R1.fastq.gz, /srv/results/28-05-2026/4d/Trimmed/R2.fastq.gz, /srv/results/28-05-2026/4d/QC/fastp.json, /srv/results/28-05-2026/4d/QC/fastp.html
    log: /srv/results/28-05-2026/4d/logs/fastp.log
    jobid: 24
    reason: Missing output files: /srv/results/28-05-2026/4d/Trimmed/R1.fastq.gz, /srv/results/28-05-2026/4d/Trimmed/R2.fastq.gz
    wildcards: sample=28-05-2026/4d
    threads: 8
    resources: tmpdir=/tmp
Select jobs to execute...
[Fri May 29 13:01:13 2026]
Finished jobid: 24 (Rule: fastp)
4 of 37 steps (11%) done
Execute 1 jobs...
[Fri May 29 13:01:13 2026]
localrule assemble:
    input: /srv/results/28-05-2026/3w/Trimmed/R1.fastq.gz, /srv/results/28-05-2026/3w/Trimmed/R2.fastq.gz
    output: /srv/results/28-05-2026/3w/Assembly/contigs.fa
    log: /srv/results/28-05-2026/3w/logs/assemble.log
    jobid: 31
    reason: Missing output files: /srv/results/28-05-2026/3w/Assembly/contigs.fa; Input files updated by another job: /srv/results/28-05-2026/3w/Trimmed/R1.fastq.gz, /srv/results/28-05-2026/3w/Trimmed/R2.fastq.gz
    wildcards: sample=28-05-2026/3w
    threads: 8
    resources: tmpdir=/tmp, mem_mb=12000, mem=12 GB, mem_mib=11445
Select jobs to execute...
[Fri May 29 13:02:21 2026]
Finished jobid: 31 (Rule: assemble)
5 of 37 steps (14%) done
Execute 1 jobs...
[Fri May 29 13:02:21 2026]
localrule fastp:
    input: /srv/data/28-05-2026/4e/4e_S6_L001_R1.fastq.gz, /srv/data/28-05-2026/4e/4e_S6_L001_R2.fastq.gz
    output: /srv/results/28-05-2026/4e/Trimmed/R1.fastq.gz, /srv/results/28-05-2026/4e/Trimmed/R2.fastq.gz, /srv/results/28-05-2026/4e/QC/fastp.json, /srv/results/28-05-2026/4e/QC/fastp.html
    log: /srv/results/28-05-2026/4e/logs/fastp.log
    jobid: 8
    reason: Missing output files: /srv/results/28-05-2026/4e/Trimmed/R1.fastq.gz, /srv/results/28-05-2026/4e/Trimmed/R2.fastq.gz
    wildcards: sample=28-05-2026/4e
    threads: 8
    resources: tmpdir=/tmp
Select jobs to execute...
[Fri May 29 13:02:23 2026]
Finished jobid: 8 (Rule: fastp)
6 of 37 steps (16%) done
Execute 1 jobs...
[Fri May 29 13:02:23 2026]
localrule fastp:
    input: /srv/data/28-05-2026/3wwr/3wvwr_S1_L001_R1.fastq.gz, /srv/data/28-05-2026/3wwr/3wvwr_S1_L001_R2.fastq.gz
    output: /srv/results/28-05-2026/3wwr/Trimmed/R1.fastq.gz, /srv/results/28-05-2026/3wwr/Trimmed/R2.fastq.gz, /srv/results/28-05-2026/3wwr/QC/fastp.json, /srv/results/28-05-2026/3wwr/QC/fastp.html
    log: /srv/results/28-05-2026/3wwr/logs/fastp.log
    jobid: 16
    reason: Missing output files: /srv/results/28-05-2026/3wwr/Trimmed/R2.fastq.gz, /srv/results/28-05-2026/3wwr/Trimmed/R1.fastq.gz
    wildcards: sample=28-05-2026/3wwr
    threads: 8
    resources: tmpdir=/tmp
Select jobs to execute...
[Fri May 29 13:02:25 2026]
Finished jobid: 16 (Rule: fastp)
7 of 37 steps (19%) done
Execute 1 jobs...
[Fri May 29 13:02:25 2026]
localrule assemble:
    input: /srv/results/28-05-2026/3wwr/Trimmed/R1.fastq.gz, /srv/results/28-05-2026/3wwr/Trimmed/R2.fastq.gz
    output: /srv/results/28-05-2026/3wwr/Assembly/contigs.fa
    log: /srv/results/28-05-2026/3wwr/logs/assemble.log
    jobid: 15
    reason: Missing output files: /srv/results/28-05-2026/3wwr/Assembly/contigs.fa; Input files updated by another job: /srv/results/28-05-2026/3wwr/Trimmed/R2.fastq.gz, /srv/results/28-05-2026/3wwr/Trimmed/R1.fastq.gz
    wildcards: sample=28-05-2026/3wwr
    threads: 8
    resources: tmpdir=/tmp, mem_mb=12000, mem=12 GB, mem_mib=11445
Select jobs to execute...
[Fri May 29 13:02:51 2026]
Finished jobid: 19 (Rule: assemble)
8 of 37 steps (22%) done
Execute 1 jobs...
[Fri May 29 13:02:51 2026]
localcheckpoint identify_species:
    input: /srv/results/28-05-2026/3t2/Assembly/contigs.fa
    output: /srv/results/28-05-2026/3t2/species.txt, /srv/results/28-05-2026/3t2/ID_Skani/skani.tsv
    log: /srv/results/28-05-2026/3t2/logs/identify_species.log
    jobid: 18
    reason: Missing output files: /srv/results/28-05-2026/3t2/species.txt; Input files updated by another job: /srv/results/28-05-2026/3t2/Assembly/contigs.fa
    wildcards: sample=28-05-2026/3t2
    threads: 8
    resources: tmpdir=/tmp, mem_mb=4000, mem=4 GB, mem_mib=3815
DAG of jobs will be updated after completion.
Select jobs to execute...
[Fri May 29 13:02:55 2026]
Finished jobid: 18 (Rule: identify_species)
9 of 37 steps (24%) done
Updating checkpoint dependencies.
Execute 1 jobs...
[Fri May 29 13:02:55 2026]
localrule assemble:
    input: /srv/results/28-05-2026/4e/Trimmed/R1.fastq.gz, /srv/results/28-05-2026/4e/Trimmed/R2.fastq.gz
    output: /srv/results/28-05-2026/4e/Assembly/contigs.fa
    log: /srv/results/28-05-2026/4e/logs/assemble.log
    jobid: 7
    reason: Missing output files: /srv/results/28-05-2026/4e/Assembly/contigs.fa; Input files updated by another job: /srv/results/28-05-2026/4e/Trimmed/R1.fastq.gz, /srv/results/28-05-2026/4e/Trimmed/R2.fastq.gz
    wildcards: sample=28-05-2026/4e
    threads: 8
    resources: tmpdir=/tmp, mem_mb=12000, mem=12 GB, mem_mib=11445
Select jobs to execute...
[Fri May 29 13:03:37 2026]
Finished jobid: 15 (Rule: assemble)
10 of 48 steps (21%) done
Execute 1 jobs...
[Fri May 29 13:03:37 2026]
localcheckpoint identify_species:
    input: /srv/results/28-05-2026/3w/Assembly/contigs.fa
    output: /srv/results/28-05-2026/3w/species.txt, /srv/results/28-05-2026/3w/ID_Skani/skani.tsv
    log: /srv/results/28-05-2026/3w/logs/identify_species.log
    jobid: 30
    reason: Missing output files: /srv/results/28-05-2026/3w/species.txt; Input files updated by another job: /srv/results/28-05-2026/3w/Assembly/contigs.fa
    wildcards: sample=28-05-2026/3w
    threads: 8
    resources: tmpdir=/tmp, mem_mb=4000, mem=4 GB, mem_mib=3815
DAG of jobs will be updated after completion.
Select jobs to execute...
[Fri May 29 13:03:37 2026]
Finished jobid: 30 (Rule: identify_species)
11 of 48 steps (23%) done
Updating checkpoint dependencies.
Execute 8 jobs...
[Fri May 29 13:03:37 2026]
localrule mob_typer:
    input: /srv/results/28-05-2026/3t2/Assembly/contigs.fa
    output: /srv/results/28-05-2026/3t2/MOBSuite/mobtyper.tsv
    log: /srv/results/28-05-2026/3t2/logs/mob_typer.log
    jobid: 54
    reason: Missing output files: /srv/results/28-05-2026/3t2/MOBSuite/mobtyper.tsv
    wildcards: sample=28-05-2026/3t2
    resources: tmpdir=/tmp
[Fri May 29 13:03:37 2026]
localrule plasmidfinder:
    input: /srv/results/28-05-2026/3t2/Assembly/contigs.fa
    output: /srv/results/28-05-2026/3t2/PlasmidFinder/results_tab.tsv
    log: /srv/results/28-05-2026/3t2/logs/plasmidfinder.log
    jobid: 55
    reason: Missing output files: /srv/results/28-05-2026/3t2/PlasmidFinder/results_tab.tsv
    wildcards: sample=28-05-2026/3t2
    resources: tmpdir=/tmp
[Fri May 29 13:03:37 2026]
localrule plasmidfinder:
    input: /srv/results/28-05-2026/3w/Assembly/contigs.fa
    output: /srv/results/28-05-2026/3w/PlasmidFinder/results_tab.tsv
    log: /srv/results/28-05-2026/3w/logs/plasmidfinder.log
    jobid: 76
    reason: Missing output files: /srv/results/28-05-2026/3w/PlasmidFinder/results_tab.tsv
    wildcards: sample=28-05-2026/3w
    resources: tmpdir=/tmp
[Fri May 29 13:03:37 2026]
localrule mlst:
    input: /srv/results/28-05-2026/3t2/Assembly/contigs.fa, /srv/results/28-05-2026/3t2/species.txt
    output: /srv/results/28-05-2026/3t2/MLST/mlst.tsv
    log: /srv/results/28-05-2026/3t2/logs/mlst.log
    jobid: 52
    reason: Missing output files: /srv/results/28-05-2026/3t2/MLST/mlst.tsv
    wildcards: sample=28-05-2026/3t2
    resources: tmpdir=/tmp
[Fri May 29 13:03:37 2026]
localrule mefinder:
    input: /srv/results/28-05-2026/3w/Assembly/contigs.fa, /srv/results/.mefinder_db/mge_records.nhr
    output: /srv/results/28-05-2026/3w/MEfinder/mefinder.tsv
    log: /srv/results/28-05-2026/3w/logs/mefinder.log
    jobid: 77
    reason: Missing output files: /srv/results/28-05-2026/3w/MEfinder/mefinder.tsv
    wildcards: sample=28-05-2026/3w
    resources: tmpdir=/tmp
[Fri May 29 13:03:37 2026]
localrule mefinder:
    input: /srv/results/28-05-2026/3t2/Assembly/contigs.fa, /srv/results/.mefinder_db/mge_records.nhr
    output: /srv/results/28-05-2026/3t2/MEfinder/mefinder.tsv
    log: /srv/results/28-05-2026/3t2/logs/mefinder.log
    jobid: 56
    reason: Missing output files: /srv/results/28-05-2026/3t2/MEfinder/mefinder.tsv
    wildcards: sample=28-05-2026/3t2
    resources: tmpdir=/tmp
[Fri May 29 13:03:37 2026]
localrule mob_typer:
    input: /srv/results/28-05-2026/3w/Assembly/contigs.fa
    output: /srv/results/28-05-2026/3w/MOBSuite/mobtyper.tsv
    log: /srv/results/28-05-2026/3w/logs/mob_typer.log
    jobid: 75
    reason: Missing output files: /srv/results/28-05-2026/3w/MOBSuite/mobtyper.tsv
    wildcards: sample=28-05-2026/3w
    resources: tmpdir=/tmp
[Fri May 29 13:03:37 2026]
localrule mlst:
    input: /srv/results/28-05-2026/3w/Assembly/contigs.fa, /srv/results/28-05-2026/3w/species.txt
    output: /srv/results/28-05-2026/3w/MLST/mlst.tsv
    log: /srv/results/28-05-2026/3w/logs/mlst.log
    jobid: 73
    reason: Missing output files: /srv/results/28-05-2026/3w/MLST/mlst.tsv
    wildcards: sample=28-05-2026/3w
    resources: tmpdir=/tmp
Select jobs to execute...
[Fri May 29 13:03:39 2026]
Finished jobid: 73 (Rule: mlst)
12 of 60 steps (20%) done
[Fri May 29 13:03:39 2026]
Finished jobid: 52 (Rule: mlst)
13 of 60 steps (22%) done
Execute 1 jobs...
[Fri May 29 13:03:39 2026]
localrule fastqc:
    input: /srv/results/28-05-2026/3w/Trimmed/R1.fastq.gz, /srv/results/28-05-2026/3w/Trimmed/R2.fastq.gz
    output: /srv/results/28-05-2026/3w/QC/fastqc/R1_fastqc.html, /srv/results/28-05-2026/3w/QC/fastqc/R2_fastqc.html
    log: /srv/results/28-05-2026/3w/logs/fastqc.log
    jobid: 72
    reason: Missing output files: /srv/results/28-05-2026/3w/QC/fastqc/R1_fastqc.html
    wildcards: sample=28-05-2026/3w
    threads: 2
    resources: tmpdir=/tmp
Select jobs to execute...
RuleException:
CalledProcessError in file "/home/bruker/genomics/Snakefile", line 419:
Command 'set -euo pipefail;  pixi run --environment plasmidfinder plasmidfinder.py -i /srv/results/28-05-2026/3t2/Assembly/contigs.fa -o $(dirname /srv/results/28-05-2026/3t2/PlasmidFinder/results_tab.tsv) -p /databases/plasmidfinder_db/ -x 2>&1 | tee /srv/results/28-05-2026/3t2/logs/plasmidfinder.log' returned non-zero exit status 1.
[Fri May 29 13:03:40 2026]
Error in rule plasmidfinder:
    message: None
    jobid: 55
    input: /srv/results/28-05-2026/3t2/Assembly/contigs.fa
    output: /srv/results/28-05-2026/3t2/PlasmidFinder/results_tab.tsv
    log: /srv/results/28-05-2026/3t2/logs/plasmidfinder.log (check log file(s) for error details)
    shell:
        pixi run --environment plasmidfinder plasmidfinder.py -i /srv/results/28-05-2026/3t2/Assembly/contigs.fa -o $(dirname /srv/results/28-05-2026/3t2/PlasmidFinder/results_tab.tsv) -p /databases/plasmidfinder_db/ -x 2>&1 | tee /srv/results/28-05-2026/3t2/logs/plasmidfinder.log
        (command exited with non-zero exit code)
[Fri May 29 13:03:44 2026]
Finished jobid: 76 (Rule: plasmidfinder)
14 of 60 steps (23%) done
[Fri May 29 13:03:44 2026]
Finished jobid: 72 (Rule: fastqc)
15 of 60 steps (25%) done
[Fri May 29 13:03:46 2026]
Finished jobid: 7 (Rule: assemble)
16 of 60 steps (27%) done
[Fri May 29 13:04:04 2026]
Finished jobid: 77 (Rule: mefinder)
17 of 60 steps (28%) done
[Fri May 29 13:04:18 2026]
Finished jobid: 75 (Rule: mob_typer)
18 of 60 steps (30%) done
[Fri May 29 13:04:22 2026]
Finished jobid: 56 (Rule: mefinder)
19 of 60 steps (32%) done
[Fri May 29 13:05:09 2026]
Finished jobid: 54 (Rule: mob_typer)
20 of 60 steps (33%) done
Shutting down, this might take some time.
Exiting because a job execution failed. Look below for error messages
[Fri May 29 13:05:09 2026]
Error in rule plasmidfinder:
    message: None
    jobid: 55
    input: /srv/results/28-05-2026/3t2/Assembly/contigs.fa
    output: /srv/results/28-05-2026/3t2/PlasmidFinder/results_tab.tsv
    log: /srv/results/28-05-2026/3t2/logs/plasmidfinder.log (check log file(s) for error details)
    shell:
        pixi run --environment plasmidfinder plasmidfinder.py -i /srv/results/28-05-2026/3t2/Assembly/contigs.fa -o $(dirname /srv/results/28-05-2026/3t2/PlasmidFinder/results_tab.tsv) -p /databases/plasmidfinder_db/ -x 2>&1 | tee /srv/results/28-05-2026/3t2/logs/plasmidfinder.log
        (command exited with non-zero exit code)
Complete log(s): /home/bruker/genomics/.snakemake/log/2026-05-29T130107.159715.snakemake.log
WorkflowError:
At least one job did not complete successfully.
