Config file config.yaml is extended by additional config specified via the command line.
Assuming unrestricted shared filesystem usage.
host: odd-alexander-tellefsen-NGS-HP-Z4-G5-Workstation-Desktop-PC
Building DAG of jobs...
Using shell: /usr/bin/bash
Provided cores: 16
Rules claiming more threads will be scaled down.
Job stats:
job              count
-------------  -------
chewbbaca            1
cgmlst_dists         1
grapetree            1
reportree            1
cgmlst_report        1
all                  1
total                6

Select jobs to execute...
Execute 1 jobs...
[Tue Jun  2 15:16:24 2026]
localrule chewbbaca:
    input: /srv/results/22-04-2026/3h/Assembly/contigs.fa, /srv/results/22-04-2026/3i/Assembly/contigs.fa, /srv/results/22-04-2026/3j/Assembly/contigs.fa, /srv/results/22-04-2026/3k/Assembly/contigs.fa, /srv/results/30-04-2026/3u/Assembly/contigs.fa, /srv/results/30-04-2026/3v/Assembly/contigs.fa
    output: /srv/phylo_results/bruker/cgmlst/02-06-2026_1516/allele_profiles.tsv
    log: /srv/phylo_results/bruker/cgmlst/02-06-2026_1516/logs/chewbbaca.log
    jobid: 1
    reason: Missing output files: /srv/phylo_results/bruker/cgmlst/02-06-2026_1516/allele_profiles.tsv
    threads: 8
    resources: tmpdir=/tmp
[Tue Jun  2 15:16:55 2026]
Finished jobid: 1 (Rule: chewbbaca)
1 of 6 steps (17%) done
Select jobs to execute...
Execute 3 jobs...
[Tue Jun  2 15:16:55 2026]
localrule reportree:
    input: /srv/phylo_results/bruker/cgmlst/02-06-2026_1516/allele_profiles.tsv, .reportree/reportree.py
    output: /srv/phylo_results/bruker/cgmlst/02-06-2026_1516/cluster_partitions.tsv
    log: /srv/phylo_results/bruker/cgmlst/02-06-2026_1516/logs/reportree.log
    jobid: 4
    reason: Missing output files: /srv/phylo_results/bruker/cgmlst/02-06-2026_1516/cluster_partitions.tsv; Input files updated by another job: /srv/phylo_results/bruker/cgmlst/02-06-2026_1516/allele_profiles.tsv
    threads: 8
    resources: tmpdir=/tmp
[Tue Jun  2 15:16:55 2026]
localrule cgmlst_dists:
    input: /srv/phylo_results/bruker/cgmlst/02-06-2026_1516/allele_profiles.tsv
    output: /srv/phylo_results/bruker/cgmlst/02-06-2026_1516/cgmlst_dists.tsv
    log: /srv/phylo_results/bruker/cgmlst/02-06-2026_1516/logs/cgmlst_dists.log
    jobid: 2
    reason: Missing output files: /srv/phylo_results/bruker/cgmlst/02-06-2026_1516/cgmlst_dists.tsv; Input files updated by another job: /srv/phylo_results/bruker/cgmlst/02-06-2026_1516/allele_profiles.tsv
    resources: tmpdir=/tmp
[Tue Jun  2 15:16:55 2026]
localrule grapetree:
    input: /srv/phylo_results/bruker/cgmlst/02-06-2026_1516/allele_profiles.tsv
    output: /srv/phylo_results/bruker/cgmlst/02-06-2026_1516/grapetree.nwk
    log: /srv/phylo_results/bruker/cgmlst/02-06-2026_1516/logs/grapetree.log
    jobid: 3
    reason: Missing output files: /srv/phylo_results/bruker/cgmlst/02-06-2026_1516/grapetree.nwk; Input files updated by another job: /srv/phylo_results/bruker/cgmlst/02-06-2026_1516/allele_profiles.tsv
    resources: tmpdir=/tmp
[Tue Jun  2 15:16:55 2026]
Finished jobid: 2 (Rule: cgmlst_dists)
2 of 6 steps (33%) done
[Tue Jun  2 15:16:56 2026]
Finished jobid: 3 (Rule: grapetree)
3 of 6 steps (50%) done
[Tue Jun  2 15:16:58 2026]
Finished jobid: 4 (Rule: reportree)
4 of 6 steps (67%) done
Select jobs to execute...
Execute 1 jobs...
[Tue Jun  2 15:16:58 2026]
localrule cgmlst_report:
    input: /srv/phylo_results/bruker/cgmlst/02-06-2026_1516/allele_profiles.tsv, /srv/phylo_results/bruker/cgmlst/02-06-2026_1516/cgmlst_dists.tsv, /srv/phylo_results/bruker/cgmlst/02-06-2026_1516/grapetree.nwk, /srv/phylo_results/bruker/cgmlst/02-06-2026_1516/cluster_partitions.tsv, /srv/results/22-04-2026/3h/QC/fastp.json, /srv/results/22-04-2026/3i/QC/fastp.json, /srv/results/22-04-2026/3j/QC/fastp.json, /srv/results/22-04-2026/3k/QC/fastp.json, /srv/results/30-04-2026/3u/QC/fastp.json, /srv/results/30-04-2026/3v/QC/fastp.json, /srv/results/22-04-2026/3h/QUAST/report.tsv, /srv/results/22-04-2026/3i/QUAST/report.tsv, /srv/results/22-04-2026/3j/QUAST/report.tsv, /srv/results/22-04-2026/3k/QUAST/report.tsv, /srv/results/30-04-2026/3u/QUAST/report.tsv, /srv/results/30-04-2026/3v/QUAST/report.tsv
    output: /srv/phylo_results/bruker/cgmlst/02-06-2026_1516/cgmlst_report.html
    log: /srv/phylo_results/bruker/cgmlst/02-06-2026_1516/logs/cgmlst_report.log
    jobid: 6
    reason: Missing output files: /srv/phylo_results/bruker/cgmlst/02-06-2026_1516/cgmlst_report.html; Input files updated by another job: /srv/phylo_results/bruker/cgmlst/02-06-2026_1516/allele_profiles.tsv, /srv/phylo_results/bruker/cgmlst/02-06-2026_1516/grapetree.nwk, /srv/phylo_results/bruker/cgmlst/02-06-2026_1516/cluster_partitions.tsv, /srv/phylo_results/bruker/cgmlst/02-06-2026_1516/cgmlst_dists.tsv
    resources: tmpdir=/tmp
[Tue Jun  2 15:17:00 2026]
Finished jobid: 6 (Rule: cgmlst_report)
5 of 6 steps (83%) done
Select jobs to execute...
Execute 1 jobs...
[Tue Jun  2 15:17:00 2026]
localrule all:
    input: /srv/phylo_results/bruker/cgmlst/02-06-2026_1516/allele_profiles.tsv, /srv/phylo_results/bruker/cgmlst/02-06-2026_1516/cgmlst_dists.tsv, /srv/phylo_results/bruker/cgmlst/02-06-2026_1516/grapetree.nwk, /srv/phylo_results/bruker/cgmlst/02-06-2026_1516/cluster_partitions.tsv, /srv/phylo_results/bruker/cgmlst/02-06-2026_1516/cgmlst_report.html
    jobid: 0
    reason: Input files updated by another job: /srv/phylo_results/bruker/cgmlst/02-06-2026_1516/allele_profiles.tsv, /srv/phylo_results/bruker/cgmlst/02-06-2026_1516/cgmlst_report.html, /srv/phylo_results/bruker/cgmlst/02-06-2026_1516/cluster_partitions.tsv, /srv/phylo_results/bruker/cgmlst/02-06-2026_1516/cgmlst_dists.tsv, /srv/phylo_results/bruker/cgmlst/02-06-2026_1516/grapetree.nwk
    resources: tmpdir=/tmp
[Tue Jun  2 15:17:00 2026]
Finished jobid: 0 (Rule: all)
6 of 6 steps (100%) done
Complete log(s): /home/bruker/genomics/.snakemake/log/2026-06-02T151624.242923.snakemake.log
