Config file config.yaml is extended by additional config specified via the command line.
Assuming unrestricted shared filesystem usage.
host: odd-alexander-tellefsen-NGS-HP-Z4-G5-Workstation-Desktop-PC
Building DAG of jobs...
Using shell: /usr/bin/bash
Provided cores: 16
Rules claiming more threads will be scaled down.
Job stats:
job             count
------------  -------
fastp               2
assemble            2
fastqc              2
checkm              2
parsnp              1
prokka              1
quast               2
skani               2
multiqc             2
snippy              2
snp_dists           3
multiqc_run         1
snippy_core         1
gubbins             1
iqtree              1
phylo_report        1
all                 1
total              27

Select jobs to execute...
Execute 2 jobs...
[Thu May 28 12:37:26 2026]
localrule fastp:
    input: /srv/data/27-05-2026/3wous/3wous_R1.fastq.gz, /srv/data/27-05-2026/3wous/3wous_R2.fastq.gz
    output: /srv/phylo_results/bruker/phylo/test_ous_SNP/27-05-2026/3wous/Trimmed/R1.fastq.gz, /srv/phylo_results/bruker/phylo/test_ous_SNP/27-05-2026/3wous/Trimmed/R2.fastq.gz, /srv/phylo_results/bruker/phylo/test_ous_SNP/27-05-2026/3wous/QC/fastp.json, /srv/phylo_results/bruker/phylo/test_ous_SNP/27-05-2026/3wous/QC/fastp.html
    log: /srv/phylo_results/bruker/phylo/test_ous_SNP/27-05-2026/3wous/logs/fastp.log
    jobid: 7
    reason: Missing output files: /srv/phylo_results/bruker/phylo/test_ous_SNP/27-05-2026/3wous/Trimmed/R1.fastq.gz, /srv/phylo_results/bruker/phylo/test_ous_SNP/27-05-2026/3wous/Trimmed/R2.fastq.gz, /srv/phylo_results/bruker/phylo/test_ous_SNP/27-05-2026/3wous/QC/fastp.json
    wildcards: sample=27-05-2026/3wous
    threads: 8
    resources: tmpdir=/tmp
[Thu May 28 12:37:26 2026]
localrule fastp:
    input: /srv/data/27-05-2026/3xous/3xous_R1.fastq.gz, /srv/data/27-05-2026/3xous/3xous_R2.fastq.gz
    output: /srv/phylo_results/bruker/phylo/test_ous_SNP/27-05-2026/3xous/Trimmed/R1.fastq.gz, /srv/phylo_results/bruker/phylo/test_ous_SNP/27-05-2026/3xous/Trimmed/R2.fastq.gz, /srv/phylo_results/bruker/phylo/test_ous_SNP/27-05-2026/3xous/QC/fastp.json, /srv/phylo_results/bruker/phylo/test_ous_SNP/27-05-2026/3xous/QC/fastp.html
    log: /srv/phylo_results/bruker/phylo/test_ous_SNP/27-05-2026/3xous/logs/fastp.log
    jobid: 2
    reason: Missing output files: /srv/phylo_results/bruker/phylo/test_ous_SNP/27-05-2026/3xous/Trimmed/R2.fastq.gz, /srv/phylo_results/bruker/phylo/test_ous_SNP/27-05-2026/3xous/Trimmed/R1.fastq.gz, /srv/phylo_results/bruker/phylo/test_ous_SNP/27-05-2026/3xous/QC/fastp.json
    wildcards: sample=27-05-2026/3xous
    threads: 8
    resources: tmpdir=/tmp
[Thu May 28 12:37:31 2026]
Finished jobid: 2 (Rule: fastp)
1 of 27 steps (4%) done
Select jobs to execute...
Execute 1 jobs...
[Thu May 28 12:37:31 2026]
localrule assemble:
    input: /srv/phylo_results/bruker/phylo/test_ous_SNP/27-05-2026/3xous/Trimmed/R1.fastq.gz, /srv/phylo_results/bruker/phylo/test_ous_SNP/27-05-2026/3xous/Trimmed/R2.fastq.gz
    output: /srv/phylo_results/bruker/phylo/test_ous_SNP/27-05-2026/3xous/Assembly/contigs.fa
    log: /srv/phylo_results/bruker/phylo/test_ous_SNP/27-05-2026/3xous/logs/assemble.log
    jobid: 5
    reason: Missing output files: /srv/phylo_results/bruker/phylo/test_ous_SNP/27-05-2026/3xous/Assembly/contigs.fa; Input files updated by another job: /srv/phylo_results/bruker/phylo/test_ous_SNP/27-05-2026/3xous/Trimmed/R2.fastq.gz, /srv/phylo_results/bruker/phylo/test_ous_SNP/27-05-2026/3xous/Trimmed/R1.fastq.gz
    wildcards: sample=27-05-2026/3xous
    threads: 8
    resources: tmpdir=/tmp, mem_mb=12000, mem=12 GB, mem_mib=11445
[Thu May 28 12:37:31 2026]
Finished jobid: 7 (Rule: fastp)
2 of 27 steps (7%) done
Select jobs to execute...
Execute 1 jobs...
[Thu May 28 12:37:31 2026]
localrule assemble:
    input: /srv/phylo_results/bruker/phylo/test_ous_SNP/27-05-2026/3wous/Trimmed/R1.fastq.gz, /srv/phylo_results/bruker/phylo/test_ous_SNP/27-05-2026/3wous/Trimmed/R2.fastq.gz
    output: /srv/phylo_results/bruker/phylo/test_ous_SNP/27-05-2026/3wous/Assembly/contigs.fa
    log: /srv/phylo_results/bruker/phylo/test_ous_SNP/27-05-2026/3wous/logs/assemble.log
    jobid: 10
    reason: Missing output files: /srv/phylo_results/bruker/phylo/test_ous_SNP/27-05-2026/3wous/Assembly/contigs.fa; Input files updated by another job: /srv/phylo_results/bruker/phylo/test_ous_SNP/27-05-2026/3wous/Trimmed/R1.fastq.gz, /srv/phylo_results/bruker/phylo/test_ous_SNP/27-05-2026/3wous/Trimmed/R2.fastq.gz
    wildcards: sample=27-05-2026/3wous
    threads: 8
    resources: tmpdir=/tmp, mem_mb=12000, mem=12 GB, mem_mib=11445
Select jobs to execute...
[Thu May 28 12:40:04 2026]
Finished jobid: 5 (Rule: assemble)
3 of 27 steps (11%) done
Execute 1 jobs...
[Thu May 28 12:40:04 2026]
localrule skani:
    input: /srv/phylo_results/bruker/phylo/test_ous_SNP/27-05-2026/3xous/Assembly/contigs.fa
    output: /srv/phylo_results/bruker/phylo/test_ous_SNP/27-05-2026/3xous/ID_Skani/skani.tsv, /srv/phylo_results/bruker/phylo/test_ous_SNP/27-05-2026/3xous/ID_Skani/species.txt
    log: /srv/phylo_results/bruker/phylo/test_ous_SNP/27-05-2026/3xous/logs/skani.log
    jobid: 11
    reason: Missing output files: /srv/phylo_results/bruker/phylo/test_ous_SNP/27-05-2026/3xous/ID_Skani/species.txt; Input files updated by another job: /srv/phylo_results/bruker/phylo/test_ous_SNP/27-05-2026/3xous/Assembly/contigs.fa
    wildcards: sample=27-05-2026/3xous
    threads: 8
    resources: tmpdir=/tmp
Select jobs to execute...
[Thu May 28 12:40:06 2026]
Finished jobid: 11 (Rule: skani)
4 of 27 steps (15%) done
Execute 1 jobs...
[Thu May 28 12:40:06 2026]
localrule checkm:
    input: /srv/phylo_results/bruker/phylo/test_ous_SNP/27-05-2026/3xous/Assembly/contigs.fa
    output: /srv/phylo_results/bruker/phylo/test_ous_SNP/27-05-2026/3xous/CheckM/quality.tsv
    log: /srv/phylo_results/bruker/phylo/test_ous_SNP/27-05-2026/3xous/logs/checkm.log
    jobid: 13
    reason: Missing output files: /srv/phylo_results/bruker/phylo/test_ous_SNP/27-05-2026/3xous/CheckM/quality.tsv; Input files updated by another job: /srv/phylo_results/bruker/phylo/test_ous_SNP/27-05-2026/3xous/Assembly/contigs.fa
    wildcards: sample=27-05-2026/3xous
    threads: 8
    resources: tmpdir=/tmp, mem_mb=22000, mem=22 GB, mem_mib=20981
Select jobs to execute...
[Thu May 28 12:40:23 2026]
Finished jobid: 10 (Rule: assemble)
5 of 27 steps (19%) done
Execute 1 jobs...
[Thu May 28 12:40:23 2026]
localrule skani:
    input: /srv/phylo_results/bruker/phylo/test_ous_SNP/27-05-2026/3wous/Assembly/contigs.fa
    output: /srv/phylo_results/bruker/phylo/test_ous_SNP/27-05-2026/3wous/ID_Skani/skani.tsv, /srv/phylo_results/bruker/phylo/test_ous_SNP/27-05-2026/3wous/ID_Skani/species.txt
    log: /srv/phylo_results/bruker/phylo/test_ous_SNP/27-05-2026/3wous/logs/skani.log
    jobid: 12
    reason: Missing output files: /srv/phylo_results/bruker/phylo/test_ous_SNP/27-05-2026/3wous/ID_Skani/species.txt; Input files updated by another job: /srv/phylo_results/bruker/phylo/test_ous_SNP/27-05-2026/3wous/Assembly/contigs.fa
    wildcards: sample=27-05-2026/3wous
    threads: 8
    resources: tmpdir=/tmp
Select jobs to execute...
[Thu May 28 12:40:23 2026]
Finished jobid: 12 (Rule: skani)
6 of 27 steps (22%) done
Execute 1 jobs...
[Thu May 28 12:40:23 2026]
localrule quast:
    input: /srv/phylo_results/bruker/phylo/test_ous_SNP/27-05-2026/3wous/Assembly/contigs.fa
    output: /srv/phylo_results/bruker/phylo/test_ous_SNP/27-05-2026/3wous/QUAST/report.html
    log: /srv/phylo_results/bruker/phylo/test_ous_SNP/27-05-2026/3wous/logs/quast.log
    jobid: 9
    reason: Missing output files: /srv/phylo_results/bruker/phylo/test_ous_SNP/27-05-2026/3wous/QUAST/report.html; Input files updated by another job: /srv/phylo_results/bruker/phylo/test_ous_SNP/27-05-2026/3wous/Assembly/contigs.fa
    wildcards: sample=27-05-2026/3wous
    threads: 8
    resources: tmpdir=/tmp
Select jobs to execute...
[Thu May 28 12:40:25 2026]
Finished jobid: 9 (Rule: quast)
7 of 27 steps (26%) done
Execute 1 jobs...
[Thu May 28 12:40:25 2026]
localrule checkm:
    input: /srv/phylo_results/bruker/phylo/test_ous_SNP/27-05-2026/3wous/Assembly/contigs.fa
    output: /srv/phylo_results/bruker/phylo/test_ous_SNP/27-05-2026/3wous/CheckM/quality.tsv
    log: /srv/phylo_results/bruker/phylo/test_ous_SNP/27-05-2026/3wous/logs/checkm.log
    jobid: 14
    reason: Missing output files: /srv/phylo_results/bruker/phylo/test_ous_SNP/27-05-2026/3wous/CheckM/quality.tsv; Input files updated by another job: /srv/phylo_results/bruker/phylo/test_ous_SNP/27-05-2026/3wous/Assembly/contigs.fa
    wildcards: sample=27-05-2026/3wous
    threads: 8
    resources: tmpdir=/tmp, mem_mb=22000, mem=22 GB, mem_mib=20981
Select jobs to execute...
[Thu May 28 12:41:41 2026]
Finished jobid: 13 (Rule: checkm)
8 of 27 steps (30%) done
Execute 1 jobs...
[Thu May 28 12:41:41 2026]
localrule prokka:
    input: /srv/phylo_results/bruker/phylo/test_ous_SNP/27-05-2026/3xous/Assembly/contigs.fa
    output: /srv/phylo_results/bruker/phylo/test_ous_SNP/27-05-2026/3xous/Prokka/reference.gbk
    log: /srv/phylo_results/bruker/phylo/test_ous_SNP/27-05-2026/3xous/logs/prokka.log
    jobid: 18
    reason: Missing output files: /srv/phylo_results/bruker/phylo/test_ous_SNP/27-05-2026/3xous/Prokka/reference.gbk; Input files updated by another job: /srv/phylo_results/bruker/phylo/test_ous_SNP/27-05-2026/3xous/Assembly/contigs.fa
    wildcards: sample=27-05-2026/3xous
    threads: 8
    resources: tmpdir=/tmp
Select jobs to execute...
[Thu May 28 12:41:56 2026]
Finished jobid: 14 (Rule: checkm)
9 of 27 steps (33%) done
Execute 1 jobs...
[Thu May 28 12:41:56 2026]
localrule parsnp:
    input: /srv/phylo_results/bruker/phylo/test_ous_SNP/27-05-2026/3xous/Assembly/contigs.fa, /srv/phylo_results/bruker/phylo/test_ous_SNP/27-05-2026/3wous/Assembly/contigs.fa
    output: /srv/phylo_results/bruker/phylo/test_ous_SNP/Parsnp/parsnp.tree, /srv/phylo_results/bruker/phylo/test_ous_SNP/Parsnp/parsnp.ggr, /srv/phylo_results/bruker/phylo/test_ous_SNP/Parsnp/parsnp.vcf, /srv/phylo_results/bruker/phylo/test_ous_SNP/Parsnp/parsnp.snps.fasta
    log: /srv/phylo_results/bruker/phylo/test_ous_SNP/logs/parsnp.log
    jobid: 23
    reason: Missing output files: /srv/phylo_results/bruker/phylo/test_ous_SNP/Parsnp/parsnp.vcf, /srv/phylo_results/bruker/phylo/test_ous_SNP/Parsnp/parsnp.tree, /srv/phylo_results/bruker/phylo/test_ous_SNP/Parsnp/parsnp.snps.fasta; Input files updated by another job: /srv/phylo_results/bruker/phylo/test_ous_SNP/27-05-2026/3xous/Assembly/contigs.fa, /srv/phylo_results/bruker/phylo/test_ous_SNP/27-05-2026/3wous/Assembly/contigs.fa
    threads: 8
    resources: tmpdir=/tmp
Select jobs to execute...
[Thu May 28 12:42:08 2026]
Finished jobid: 23 (Rule: parsnp)
10 of 27 steps (37%) done
Execute 1 jobs...
[Thu May 28 12:42:08 2026]
localrule quast:
    input: /srv/phylo_results/bruker/phylo/test_ous_SNP/27-05-2026/3xous/Assembly/contigs.fa
    output: /srv/phylo_results/bruker/phylo/test_ous_SNP/27-05-2026/3xous/QUAST/report.html
    log: /srv/phylo_results/bruker/phylo/test_ous_SNP/27-05-2026/3xous/logs/quast.log
    jobid: 4
    reason: Missing output files: /srv/phylo_results/bruker/phylo/test_ous_SNP/27-05-2026/3xous/QUAST/report.html; Input files updated by another job: /srv/phylo_results/bruker/phylo/test_ous_SNP/27-05-2026/3xous/Assembly/contigs.fa
    wildcards: sample=27-05-2026/3xous
    threads: 8
    resources: tmpdir=/tmp
Select jobs to execute...
[Thu May 28 12:42:10 2026]
Finished jobid: 4 (Rule: quast)
11 of 27 steps (41%) done
Execute 3 jobs...
[Thu May 28 12:42:10 2026]
localrule fastqc:
    input: /srv/phylo_results/bruker/phylo/test_ous_SNP/27-05-2026/3xous/Trimmed/R1.fastq.gz, /srv/phylo_results/bruker/phylo/test_ous_SNP/27-05-2026/3xous/Trimmed/R2.fastq.gz
    output: /srv/phylo_results/bruker/phylo/test_ous_SNP/27-05-2026/3xous/QC/fastqc/R1_fastqc.html, /srv/phylo_results/bruker/phylo/test_ous_SNP/27-05-2026/3xous/QC/fastqc/R2_fastqc.html
    log: /srv/phylo_results/bruker/phylo/test_ous_SNP/27-05-2026/3xous/logs/fastqc.log
    jobid: 3
    reason: Missing output files: /srv/phylo_results/bruker/phylo/test_ous_SNP/27-05-2026/3xous/QC/fastqc/R1_fastqc.html; Input files updated by another job: /srv/phylo_results/bruker/phylo/test_ous_SNP/27-05-2026/3xous/Trimmed/R2.fastq.gz, /srv/phylo_results/bruker/phylo/test_ous_SNP/27-05-2026/3xous/Trimmed/R1.fastq.gz
    wildcards: sample=27-05-2026/3xous
    threads: 2
    resources: tmpdir=/tmp
[Thu May 28 12:42:10 2026]
localrule fastqc:
    input: /srv/phylo_results/bruker/phylo/test_ous_SNP/27-05-2026/3wous/Trimmed/R1.fastq.gz, /srv/phylo_results/bruker/phylo/test_ous_SNP/27-05-2026/3wous/Trimmed/R2.fastq.gz
    output: /srv/phylo_results/bruker/phylo/test_ous_SNP/27-05-2026/3wous/QC/fastqc/R1_fastqc.html, /srv/phylo_results/bruker/phylo/test_ous_SNP/27-05-2026/3wous/QC/fastqc/R2_fastqc.html
    log: /srv/phylo_results/bruker/phylo/test_ous_SNP/27-05-2026/3wous/logs/fastqc.log
    jobid: 8
    reason: Missing output files: /srv/phylo_results/bruker/phylo/test_ous_SNP/27-05-2026/3wous/QC/fastqc/R1_fastqc.html; Input files updated by another job: /srv/phylo_results/bruker/phylo/test_ous_SNP/27-05-2026/3wous/Trimmed/R1.fastq.gz, /srv/phylo_results/bruker/phylo/test_ous_SNP/27-05-2026/3wous/Trimmed/R2.fastq.gz
    wildcards: sample=27-05-2026/3wous
    threads: 2
    resources: tmpdir=/tmp
[Thu May 28 12:42:10 2026]
localrule snp_dists:
    input: /srv/phylo_results/bruker/phylo/test_ous_SNP/Parsnp/parsnp.snps.fasta
    output: /srv/phylo_results/bruker/phylo/test_ous_SNP/SNP_Dists/snp_dists_parsnp.tsv
    log: /srv/phylo_results/bruker/phylo/test_ous_SNP/logs/snp_dists_parsnp.log
    jobid: 22
    reason: Missing output files: /srv/phylo_results/bruker/phylo/test_ous_SNP/SNP_Dists/snp_dists_parsnp.tsv; Input files updated by another job: /srv/phylo_results/bruker/phylo/test_ous_SNP/Parsnp/parsnp.snps.fasta
    wildcards: suffix=_parsnp
    resources: tmpdir=/tmp
[Thu May 28 12:42:10 2026]
Finished jobid: 22 (Rule: snp_dists)
12 of 27 steps (44%) done
[Thu May 28 12:42:20 2026]
Finished jobid: 8 (Rule: fastqc)
13 of 27 steps (48%) done
Select jobs to execute...
Execute 1 jobs...
[Thu May 28 12:42:20 2026]
localrule multiqc:
    input: /srv/phylo_results/bruker/phylo/test_ous_SNP/27-05-2026/3wous/QC/fastp.json, /srv/phylo_results/bruker/phylo/test_ous_SNP/27-05-2026/3wous/QC/fastqc/R1_fastqc.html, /srv/phylo_results/bruker/phylo/test_ous_SNP/27-05-2026/3wous/QUAST/report.html
    output: /srv/phylo_results/bruker/phylo/test_ous_SNP/27-05-2026/3wous/MultiQC/multiqc_report.html
    log: /srv/phylo_results/bruker/phylo/test_ous_SNP/27-05-2026/3wous/logs/multiqc.log
    jobid: 6
    reason: Missing output files: /srv/phylo_results/bruker/phylo/test_ous_SNP/27-05-2026/3wous/MultiQC/multiqc_report.html; Input files updated by another job: /srv/phylo_results/bruker/phylo/test_ous_SNP/27-05-2026/3wous/QC/fastqc/R1_fastqc.html, /srv/phylo_results/bruker/phylo/test_ous_SNP/27-05-2026/3wous/QUAST/report.html, /srv/phylo_results/bruker/phylo/test_ous_SNP/27-05-2026/3wous/QC/fastp.json
    wildcards: sample=27-05-2026/3wous
    resources: tmpdir=/tmp
[Thu May 28 12:42:20 2026]
Finished jobid: 3 (Rule: fastqc)
14 of 27 steps (52%) done
Select jobs to execute...
Execute 1 jobs...
[Thu May 28 12:42:20 2026]
localrule multiqc:
    input: /srv/phylo_results/bruker/phylo/test_ous_SNP/27-05-2026/3xous/QC/fastp.json, /srv/phylo_results/bruker/phylo/test_ous_SNP/27-05-2026/3xous/QC/fastqc/R1_fastqc.html, /srv/phylo_results/bruker/phylo/test_ous_SNP/27-05-2026/3xous/QUAST/report.html
    output: /srv/phylo_results/bruker/phylo/test_ous_SNP/27-05-2026/3xous/MultiQC/multiqc_report.html
    log: /srv/phylo_results/bruker/phylo/test_ous_SNP/27-05-2026/3xous/logs/multiqc.log
    jobid: 1
    reason: Missing output files: /srv/phylo_results/bruker/phylo/test_ous_SNP/27-05-2026/3xous/MultiQC/multiqc_report.html; Input files updated by another job: /srv/phylo_results/bruker/phylo/test_ous_SNP/27-05-2026/3xous/QUAST/report.html, /srv/phylo_results/bruker/phylo/test_ous_SNP/27-05-2026/3xous/QC/fastqc/R1_fastqc.html, /srv/phylo_results/bruker/phylo/test_ous_SNP/27-05-2026/3xous/QC/fastp.json
    wildcards: sample=27-05-2026/3xous
    resources: tmpdir=/tmp
[Thu May 28 12:42:28 2026]
Finished jobid: 1 (Rule: multiqc)
15 of 27 steps (56%) done
[Thu May 28 12:42:28 2026]
Finished jobid: 6 (Rule: multiqc)
16 of 27 steps (59%) done
Select jobs to execute...
Execute 1 jobs...
[Thu May 28 12:42:28 2026]
localrule multiqc_run:
    input: /srv/phylo_results/bruker/phylo/test_ous_SNP/27-05-2026/3xous/MultiQC/multiqc_report.html, /srv/phylo_results/bruker/phylo/test_ous_SNP/27-05-2026/3wous/MultiQC/multiqc_report.html
    output: /srv/phylo_results/bruker/phylo/test_ous_SNP/MultiQC_run/multiqc_report.html
    log: /srv/phylo_results/bruker/phylo/test_ous_SNP/logs/multiqc_run.log
    jobid: 25
    reason: Missing output files: /srv/phylo_results/bruker/phylo/test_ous_SNP/MultiQC_run/multiqc_report.html; Input files updated by another job: /srv/phylo_results/bruker/phylo/test_ous_SNP/27-05-2026/3wous/MultiQC/multiqc_report.html, /srv/phylo_results/bruker/phylo/test_ous_SNP/27-05-2026/3xous/MultiQC/multiqc_report.html
    resources: tmpdir=/tmp
[Thu May 28 12:42:31 2026]
Finished jobid: 25 (Rule: multiqc_run)
17 of 27 steps (63%) done
[Thu May 28 12:43:03 2026]
Finished jobid: 18 (Rule: prokka)
18 of 27 steps (67%) done
Select jobs to execute...
Execute 2 jobs...
[Thu May 28 12:43:03 2026]
localrule snippy:
    input: /srv/phylo_results/bruker/phylo/test_ous_SNP/27-05-2026/3xous/Trimmed/R1.fastq.gz, /srv/phylo_results/bruker/phylo/test_ous_SNP/27-05-2026/3xous/Trimmed/R2.fastq.gz, /srv/phylo_results/bruker/phylo/test_ous_SNP/27-05-2026/3xous/Prokka/reference.gbk
    output: /srv/phylo_results/bruker/phylo/test_ous_SNP/Snippy/27-05-2026/3xous/snps.vcf
    log: /srv/phylo_results/bruker/phylo/test_ous_SNP/27-05-2026/3xous/logs/snippy.log
    jobid: 17
    reason: Missing output files: /srv/phylo_results/bruker/phylo/test_ous_SNP/Snippy/27-05-2026/3xous/snps.vcf; Input files updated by another job: /srv/phylo_results/bruker/phylo/test_ous_SNP/27-05-2026/3xous/Prokka/reference.gbk, /srv/phylo_results/bruker/phylo/test_ous_SNP/27-05-2026/3xous/Trimmed/R2.fastq.gz, /srv/phylo_results/bruker/phylo/test_ous_SNP/27-05-2026/3xous/Trimmed/R1.fastq.gz
    wildcards: sample=27-05-2026/3xous
    threads: 8
    resources: tmpdir=/tmp
[Thu May 28 12:43:03 2026]
localrule snippy:
    input: /srv/phylo_results/bruker/phylo/test_ous_SNP/27-05-2026/3wous/Trimmed/R1.fastq.gz, /srv/phylo_results/bruker/phylo/test_ous_SNP/27-05-2026/3wous/Trimmed/R2.fastq.gz, /srv/phylo_results/bruker/phylo/test_ous_SNP/27-05-2026/3xous/Prokka/reference.gbk
    output: /srv/phylo_results/bruker/phylo/test_ous_SNP/Snippy/27-05-2026/3wous/snps.vcf
    log: /srv/phylo_results/bruker/phylo/test_ous_SNP/27-05-2026/3wous/logs/snippy.log
    jobid: 19
    reason: Missing output files: /srv/phylo_results/bruker/phylo/test_ous_SNP/Snippy/27-05-2026/3wous/snps.vcf; Input files updated by another job: /srv/phylo_results/bruker/phylo/test_ous_SNP/27-05-2026/3wous/Trimmed/R1.fastq.gz, /srv/phylo_results/bruker/phylo/test_ous_SNP/27-05-2026/3xous/Prokka/reference.gbk, /srv/phylo_results/bruker/phylo/test_ous_SNP/27-05-2026/3wous/Trimmed/R2.fastq.gz
    wildcards: sample=27-05-2026/3wous
    threads: 8
    resources: tmpdir=/tmp
[Thu May 28 12:43:30 2026]
Finished jobid: 17 (Rule: snippy)
19 of 27 steps (70%) done
[Thu May 28 12:43:32 2026]
Finished jobid: 19 (Rule: snippy)
20 of 27 steps (74%) done
Select jobs to execute...
Execute 1 jobs...
[Thu May 28 12:43:32 2026]
localrule snippy_core:
    input: /srv/phylo_results/bruker/phylo/test_ous_SNP/Snippy/27-05-2026/3xous/snps.vcf, /srv/phylo_results/bruker/phylo/test_ous_SNP/Snippy/27-05-2026/3wous/snps.vcf, /srv/phylo_results/bruker/phylo/test_ous_SNP/27-05-2026/3xous/Prokka/reference.gbk
    output: /srv/phylo_results/bruker/phylo/test_ous_SNP/Core/core.full.aln, /srv/phylo_results/bruker/phylo/test_ous_SNP/Core/core.txt, /srv/phylo_results/bruker/phylo/test_ous_SNP/Core/core.tab
    log: /srv/phylo_results/bruker/phylo/test_ous_SNP/logs/snippy_core.log
    jobid: 16
    reason: Missing output files: /srv/phylo_results/bruker/phylo/test_ous_SNP/Core/core.txt, /srv/phylo_results/bruker/phylo/test_ous_SNP/Core/core.full.aln, /srv/phylo_results/bruker/phylo/test_ous_SNP/Core/core.tab; Input files updated by another job: /srv/phylo_results/bruker/phylo/test_ous_SNP/Snippy/27-05-2026/3xous/snps.vcf, /srv/phylo_results/bruker/phylo/test_ous_SNP/Snippy/27-05-2026/3wous/snps.vcf, /srv/phylo_results/bruker/phylo/test_ous_SNP/27-05-2026/3xous/Prokka/reference.gbk
    resources: tmpdir=/tmp
[Thu May 28 12:43:33 2026]
Finished jobid: 16 (Rule: snippy_core)
21 of 27 steps (78%) done
Select jobs to execute...
Execute 2 jobs...
[Thu May 28 12:43:33 2026]
localrule gubbins:
    input: /srv/phylo_results/bruker/phylo/test_ous_SNP/Core/core.full.aln
    output: /srv/phylo_results/bruker/phylo/test_ous_SNP/Gubbins/gubbins.filtered_polymorphic_sites.fasta, /srv/phylo_results/bruker/phylo/test_ous_SNP/Gubbins/gubbins.node_labelled.final_tree.tre, /srv/phylo_results/bruker/phylo/test_ous_SNP/Gubbins/gubbins.recombination_predictions.gff
    log: /srv/phylo_results/bruker/phylo/test_ous_SNP/logs/gubbins.log
    jobid: 21
    reason: Missing output files: /srv/phylo_results/bruker/phylo/test_ous_SNP/Gubbins/gubbins.recombination_predictions.gff, /srv/phylo_results/bruker/phylo/test_ous_SNP/Gubbins/gubbins.filtered_polymorphic_sites.fasta; Input files updated by another job: /srv/phylo_results/bruker/phylo/test_ous_SNP/Core/core.full.aln
    threads: 8
    resources: tmpdir=/tmp
[Thu May 28 12:43:33 2026]
localrule snp_dists:
    input: /srv/phylo_results/bruker/phylo/test_ous_SNP/Core/core.full.aln
    output: /srv/phylo_results/bruker/phylo/test_ous_SNP/SNP_Dists/snp_dists.tsv
    log: /srv/phylo_results/bruker/phylo/test_ous_SNP/logs/snp_dists.log
    jobid: 15
    reason: Missing output files: /srv/phylo_results/bruker/phylo/test_ous_SNP/SNP_Dists/snp_dists.tsv; Input files updated by another job: /srv/phylo_results/bruker/phylo/test_ous_SNP/Core/core.full.aln
    wildcards: suffix=
    resources: tmpdir=/tmp
[Thu May 28 12:43:33 2026]
Finished jobid: 21 (Rule: gubbins)
22 of 27 steps (81%) done
Select jobs to execute...
Execute 2 jobs...
[Thu May 28 12:43:33 2026]
localrule iqtree:
    input: /srv/phylo_results/bruker/phylo/test_ous_SNP/Gubbins/gubbins.filtered_polymorphic_sites.fasta
    output: /srv/phylo_results/bruker/phylo/test_ous_SNP/IQtree/iqtree.treefile
    log: /srv/phylo_results/bruker/phylo/test_ous_SNP/logs/iqtree.log
    jobid: 24
    reason: Missing output files: /srv/phylo_results/bruker/phylo/test_ous_SNP/IQtree/iqtree.treefile; Input files updated by another job: /srv/phylo_results/bruker/phylo/test_ous_SNP/Gubbins/gubbins.filtered_polymorphic_sites.fasta
    threads: 8
    resources: tmpdir=/tmp
[Thu May 28 12:43:33 2026]
localrule snp_dists:
    input: /srv/phylo_results/bruker/phylo/test_ous_SNP/Gubbins/gubbins.filtered_polymorphic_sites.fasta
    output: /srv/phylo_results/bruker/phylo/test_ous_SNP/SNP_Dists/snp_dists_gubbins.tsv
    log: /srv/phylo_results/bruker/phylo/test_ous_SNP/logs/snp_dists_gubbins.log
    jobid: 20
    reason: Missing output files: /srv/phylo_results/bruker/phylo/test_ous_SNP/SNP_Dists/snp_dists_gubbins.tsv; Input files updated by another job: /srv/phylo_results/bruker/phylo/test_ous_SNP/Gubbins/gubbins.filtered_polymorphic_sites.fasta
    wildcards: suffix=_gubbins
    resources: tmpdir=/tmp
[Thu May 28 12:43:33 2026]
Finished jobid: 20 (Rule: snp_dists)
23 of 27 steps (85%) done
[Thu May 28 12:43:33 2026]
Finished jobid: 24 (Rule: iqtree)
24 of 27 steps (89%) done
[Thu May 28 12:43:33 2026]
Finished jobid: 15 (Rule: snp_dists)
25 of 27 steps (93%) done
Select jobs to execute...
Execute 1 jobs...
[Thu May 28 12:43:33 2026]
localrule phylo_report:
    input: /srv/phylo_results/bruker/phylo/test_ous_SNP/SNP_Dists/snp_dists.tsv, /srv/phylo_results/bruker/phylo/test_ous_SNP/SNP_Dists/snp_dists_gubbins.tsv, /srv/phylo_results/bruker/phylo/test_ous_SNP/SNP_Dists/snp_dists_parsnp.tsv, /srv/phylo_results/bruker/phylo/test_ous_SNP/IQtree/iqtree.treefile, /srv/phylo_results/bruker/phylo/test_ous_SNP/Core/core.txt, /srv/phylo_results/bruker/phylo/test_ous_SNP/Core/core.tab, /srv/phylo_results/bruker/phylo/test_ous_SNP/Gubbins/gubbins.filtered_polymorphic_sites.fasta, /srv/phylo_results/bruker/phylo/test_ous_SNP/Gubbins/gubbins.recombination_predictions.gff, /srv/phylo_results/bruker/phylo/test_ous_SNP/Parsnp/parsnp.tree, /srv/phylo_results/bruker/phylo/test_ous_SNP/Parsnp/parsnp.vcf, /srv/phylo_results/bruker/phylo/test_ous_SNP/27-05-2026/3xous/ID_Skani/species.txt, /srv/phylo_results/bruker/phylo/test_ous_SNP/27-05-2026/3wous/ID_Skani/species.txt, /srv/phylo_results/bruker/phylo/test_ous_SNP/27-05-2026/3xous/QUAST/report.html, /srv/phylo_results/bruker/phylo/test_ous_SNP/27-05-2026/3wous/QUAST/report.html
    output: /srv/phylo_results/bruker/phylo/test_ous_SNP/phylo_report.html
    log: /srv/phylo_results/bruker/phylo/test_ous_SNP/logs/phylo_report.log
    jobid: 26
    reason: Missing output files: /srv/phylo_results/bruker/phylo/test_ous_SNP/phylo_report.html; Input files updated by another job: /srv/phylo_results/bruker/phylo/test_ous_SNP/27-05-2026/3wous/ID_Skani/species.txt, /srv/phylo_results/bruker/phylo/test_ous_SNP/27-05-2026/3xous/QUAST/report.html, /srv/phylo_results/bruker/phylo/test_ous_SNP/Core/core.txt, /srv/phylo_results/bruker/phylo/test_ous_SNP/SNP_Dists/snp_dists.tsv, /srv/phylo_results/bruker/phylo/test_ous_SNP/Core/core.tab, /srv/phylo_results/bruker/phylo/test_ous_SNP/Gubbins/gubbins.recombination_predictions.gff, /srv/phylo_results/bruker/phylo/test_ous_SNP/27-05-2026/3xous/ID_Skani/species.txt, /srv/phylo_results/bruker/phylo/test_ous_SNP/Gubbins/gubbins.filtered_polymorphic_sites.fasta, /srv/phylo_results/bruker/phylo/test_ous_SNP/Parsnp/parsnp.tree, /srv/phylo_results/bruker/phylo/test_ous_SNP/SNP_Dists/snp_dists_parsnp.tsv, /srv/phylo_results/bruker/phylo/test_ous_SNP/IQtree/iqtree.treefile, /srv/phylo_results/bruker/phylo/test_ous_SNP/Parsnp/parsnp.vcf, /srv/phylo_results/bruker/phylo/test_ous_SNP/SNP_Dists/snp_dists_gubbins.tsv, /srv/phylo_results/bruker/phylo/test_ous_SNP/27-05-2026/3wous/QUAST/report.html
    resources: tmpdir=/tmp
[Thu May 28 12:43:52 2026]
Finished jobid: 26 (Rule: phylo_report)
26 of 27 steps (96%) done
Select jobs to execute...
Execute 1 jobs...
[Thu May 28 12:43:52 2026]
localrule all:
    input: /srv/phylo_results/bruker/phylo/test_ous_SNP/27-05-2026/3xous/MultiQC/multiqc_report.html, /srv/phylo_results/bruker/phylo/test_ous_SNP/27-05-2026/3wous/MultiQC/multiqc_report.html, /srv/phylo_results/bruker/phylo/test_ous_SNP/27-05-2026/3xous/ID_Skani/species.txt, /srv/phylo_results/bruker/phylo/test_ous_SNP/27-05-2026/3wous/ID_Skani/species.txt, /srv/phylo_results/bruker/phylo/test_ous_SNP/27-05-2026/3xous/CheckM/quality.tsv, /srv/phylo_results/bruker/phylo/test_ous_SNP/27-05-2026/3wous/CheckM/quality.tsv, /srv/phylo_results/bruker/phylo/test_ous_SNP/SNP_Dists/snp_dists.tsv, /srv/phylo_results/bruker/phylo/test_ous_SNP/SNP_Dists/snp_dists_gubbins.tsv, /srv/phylo_results/bruker/phylo/test_ous_SNP/SNP_Dists/snp_dists_parsnp.tsv, /srv/phylo_results/bruker/phylo/test_ous_SNP/IQtree/iqtree.treefile, /srv/phylo_results/bruker/phylo/test_ous_SNP/Parsnp/parsnp.tree, /srv/phylo_results/bruker/phylo/test_ous_SNP/MultiQC_run/multiqc_report.html, /srv/phylo_results/bruker/phylo/test_ous_SNP/phylo_report.html
    jobid: 0
    reason: Input files updated by another job: /srv/phylo_results/bruker/phylo/test_ous_SNP/27-05-2026/3wous/ID_Skani/species.txt, /srv/phylo_results/bruker/phylo/test_ous_SNP/MultiQC_run/multiqc_report.html, /srv/phylo_results/bruker/phylo/test_ous_SNP/SNP_Dists/snp_dists.tsv, /srv/phylo_results/bruker/phylo/test_ous_SNP/27-05-2026/3xous/ID_Skani/species.txt, /srv/phylo_results/bruker/phylo/test_ous_SNP/IQtree/iqtree.treefile, /srv/phylo_results/bruker/phylo/test_ous_SNP/27-05-2026/3wous/CheckM/quality.tsv, /srv/phylo_results/bruker/phylo/test_ous_SNP/Parsnp/parsnp.tree, /srv/phylo_results/bruker/phylo/test_ous_SNP/SNP_Dists/snp_dists_parsnp.tsv, /srv/phylo_results/bruker/phylo/test_ous_SNP/27-05-2026/3xous/CheckM/quality.tsv, /srv/phylo_results/bruker/phylo/test_ous_SNP/phylo_report.html, /srv/phylo_results/bruker/phylo/test_ous_SNP/27-05-2026/3xous/MultiQC/multiqc_report.html, /srv/phylo_results/bruker/phylo/test_ous_SNP/27-05-2026/3wous/MultiQC/multiqc_report.html, /srv/phylo_results/bruker/phylo/test_ous_SNP/SNP_Dists/snp_dists_gubbins.tsv
    resources: tmpdir=/tmp
[Thu May 28 12:43:52 2026]
Finished jobid: 0 (Rule: all)
27 of 27 steps (100%) done
Complete log(s): /home/bruker/genomics/.snakemake/log/2026-05-28T123726.718285.snakemake.log
