Config file config.yaml is extended by additional config specified via the command line.
Assuming unrestricted shared filesystem usage.
host: odd-alexander-tellefsen-NGS-HP-Z4-G5-Workstation-Desktop-PC
Building DAG of jobs...
Using shell: /usr/bin/bash
Provided cores: 16
Rules claiming more threads will be scaled down.
Job stats:
job                 count
----------------  -------
fastp                   9
assemble                9
identify_species        9
report                  9
all                     1
total                  37

Select jobs to execute...
Execute 2 jobs...
[Fri May 29 14:37:57 2026]
localrule fastp:
    input: /srv/data/28-05-2026/3wvwr/3wvwr_S1_L001_R1.fastq.gz, /srv/data/28-05-2026/3wvwr/3wvwr_S1_L001_R2.fastq.gz
    output: /srv/results/28-05-2026/3wvwr/Trimmed/R1.fastq.gz, /srv/results/28-05-2026/3wvwr/Trimmed/R2.fastq.gz, /srv/results/28-05-2026/3wvwr/QC/fastp.json, /srv/results/28-05-2026/3wvwr/QC/fastp.html
    log: /srv/results/28-05-2026/3wvwr/logs/fastp.log
    jobid: 20
    reason: Missing output files: /srv/results/28-05-2026/3wvwr/Trimmed/R2.fastq.gz, /srv/results/28-05-2026/3wvwr/Trimmed/R1.fastq.gz
    wildcards: sample=28-05-2026/3wvwr
    threads: 8
    resources: tmpdir=/tmp
[Fri May 29 14:37:57 2026]
localrule fastp:
    input: /srv/data/28-05-2026/3w/3w_S2_L001_R1.fastq.gz, /srv/data/28-05-2026/3w/3w_S2_L001_R2.fastq.gz
    output: /srv/results/28-05-2026/3w/Trimmed/R1.fastq.gz, /srv/results/28-05-2026/3w/Trimmed/R2.fastq.gz, /srv/results/28-05-2026/3w/QC/fastp.json, /srv/results/28-05-2026/3w/QC/fastp.html
    log: /srv/results/28-05-2026/3w/logs/fastp.log
    jobid: 32
    reason: Missing output files: /srv/results/28-05-2026/3w/Trimmed/R1.fastq.gz, /srv/results/28-05-2026/3w/Trimmed/R2.fastq.gz
    wildcards: sample=28-05-2026/3w
    threads: 8
    resources: tmpdir=/tmp
Select jobs to execute...
[Fri May 29 14:38:00 2026]
Finished jobid: 32 (Rule: fastp)
1 of 37 steps (3%) done
Execute 1 jobs...
[Fri May 29 14:38:00 2026]
localrule fastp:
    input: /srv/data/28-05-2026/3z/3z_S4_L001_R1.fastq.gz, /srv/data/28-05-2026/3z/3z_S4_L001_R2.fastq.gz
    output: /srv/results/28-05-2026/3z/Trimmed/R1.fastq.gz, /srv/results/28-05-2026/3z/Trimmed/R2.fastq.gz, /srv/results/28-05-2026/3z/QC/fastp.json, /srv/results/28-05-2026/3z/QC/fastp.html
    log: /srv/results/28-05-2026/3z/logs/fastp.log
    jobid: 36
    reason: Missing output files: /srv/results/28-05-2026/3z/Trimmed/R1.fastq.gz, /srv/results/28-05-2026/3z/Trimmed/R2.fastq.gz
    wildcards: sample=28-05-2026/3z
    threads: 8
    resources: tmpdir=/tmp
[Fri May 29 14:38:00 2026]
Finished jobid: 20 (Rule: fastp)
2 of 37 steps (5%) done
Select jobs to execute...
Execute 1 jobs...
[Fri May 29 14:38:00 2026]
localrule assemble:
    input: /srv/results/28-05-2026/3wvwr/Trimmed/R1.fastq.gz, /srv/results/28-05-2026/3wvwr/Trimmed/R2.fastq.gz
    output: /srv/results/28-05-2026/3wvwr/Assembly/contigs.fa
    log: /srv/results/28-05-2026/3wvwr/logs/assemble.log
    jobid: 19
    reason: Missing output files: /srv/results/28-05-2026/3wvwr/Assembly/contigs.fa; Input files updated by another job: /srv/results/28-05-2026/3wvwr/Trimmed/R2.fastq.gz, /srv/results/28-05-2026/3wvwr/Trimmed/R1.fastq.gz
    wildcards: sample=28-05-2026/3wvwr
    threads: 8
    resources: tmpdir=/tmp, mem_mb=12000, mem=12 GB, mem_mib=11445
Select jobs to execute...
[Fri May 29 14:38:02 2026]
Finished jobid: 36 (Rule: fastp)
3 of 37 steps (8%) done
Execute 1 jobs...
[Fri May 29 14:38:02 2026]
localrule fastp:
    input: /srv/data/28-05-2026/4d/4d_S5_L001_R1.fastq.gz, /srv/data/28-05-2026/4d/4d_S5_L001_R2.fastq.gz
    output: /srv/results/28-05-2026/4d/Trimmed/R1.fastq.gz, /srv/results/28-05-2026/4d/Trimmed/R2.fastq.gz, /srv/results/28-05-2026/4d/QC/fastp.json, /srv/results/28-05-2026/4d/QC/fastp.html
    log: /srv/results/28-05-2026/4d/logs/fastp.log
    jobid: 24
    reason: Missing output files: /srv/results/28-05-2026/4d/Trimmed/R1.fastq.gz, /srv/results/28-05-2026/4d/Trimmed/R2.fastq.gz
    wildcards: sample=28-05-2026/4d
    threads: 8
    resources: tmpdir=/tmp
Select jobs to execute...
[Fri May 29 14:38:04 2026]
Finished jobid: 24 (Rule: fastp)
4 of 37 steps (11%) done
Execute 1 jobs...
[Fri May 29 14:38:04 2026]
localrule assemble:
    input: /srv/results/28-05-2026/3w/Trimmed/R1.fastq.gz, /srv/results/28-05-2026/3w/Trimmed/R2.fastq.gz
    output: /srv/results/28-05-2026/3w/Assembly/contigs.fa
    log: /srv/results/28-05-2026/3w/logs/assemble.log
    jobid: 31
    reason: Missing output files: /srv/results/28-05-2026/3w/Assembly/contigs.fa; Input files updated by another job: /srv/results/28-05-2026/3w/Trimmed/R1.fastq.gz, /srv/results/28-05-2026/3w/Trimmed/R2.fastq.gz
    wildcards: sample=28-05-2026/3w
    threads: 8
    resources: tmpdir=/tmp, mem_mb=12000, mem=12 GB, mem_mib=11445
Select jobs to execute...
[Fri May 29 14:39:12 2026]
Finished jobid: 19 (Rule: assemble)
5 of 37 steps (14%) done
Execute 1 jobs...
[Fri May 29 14:39:12 2026]
localcheckpoint identify_species:
    input: /srv/results/28-05-2026/3wvwr/Assembly/contigs.fa
    output: /srv/results/28-05-2026/3wvwr/species.txt, /srv/results/28-05-2026/3wvwr/ID_Gambit/gambit.csv, /srv/results/28-05-2026/3wvwr/ID_Skani/skani.tsv
    log: /srv/results/28-05-2026/3wvwr/logs/identify_species.log
    jobid: 18
    reason: Missing output files: /srv/results/28-05-2026/3wvwr/species.txt; Input files updated by another job: /srv/results/28-05-2026/3wvwr/Assembly/contigs.fa
    wildcards: sample=28-05-2026/3wvwr
    threads: 8
    resources: tmpdir=/tmp, mem_mb=4000, mem=4 GB, mem_mib=3815
DAG of jobs will be updated after completion.
Select jobs to execute...
[Fri May 29 14:39:14 2026]
Finished jobid: 31 (Rule: assemble)
6 of 37 steps (16%) done
Execute 1 jobs...
[Fri May 29 14:39:14 2026]
localrule fastp:
    input: /srv/data/28-05-2026/4e/4e_S6_L001_R1.fastq.gz, /srv/data/28-05-2026/4e/4e_S6_L001_R2.fastq.gz
    output: /srv/results/28-05-2026/4e/Trimmed/R1.fastq.gz, /srv/results/28-05-2026/4e/Trimmed/R2.fastq.gz, /srv/results/28-05-2026/4e/QC/fastp.json, /srv/results/28-05-2026/4e/QC/fastp.html
    log: /srv/results/28-05-2026/4e/logs/fastp.log
    jobid: 8
    reason: Missing output files: /srv/results/28-05-2026/4e/Trimmed/R1.fastq.gz, /srv/results/28-05-2026/4e/Trimmed/R2.fastq.gz
    wildcards: sample=28-05-2026/4e
    threads: 8
    resources: tmpdir=/tmp
Select jobs to execute...
[Fri May 29 14:39:15 2026]
Finished jobid: 8 (Rule: fastp)
7 of 37 steps (19%) done
Execute 1 jobs...
[Fri May 29 14:39:15 2026]
localrule fastp:
    input: /srv/data/28-05-2026/3t2/3t2_S9_L001_R1.fastq.gz, /srv/data/28-05-2026/3t2/3t2_S9_L001_R2.fastq.gz
    output: /srv/results/28-05-2026/3t2/Trimmed/R1.fastq.gz, /srv/results/28-05-2026/3t2/Trimmed/R2.fastq.gz, /srv/results/28-05-2026/3t2/QC/fastp.json, /srv/results/28-05-2026/3t2/QC/fastp.html
    log: /srv/results/28-05-2026/3t2/logs/fastp.log
    jobid: 16
    reason: Missing output files: /srv/results/28-05-2026/3t2/Trimmed/R2.fastq.gz, /srv/results/28-05-2026/3t2/Trimmed/R1.fastq.gz
    wildcards: sample=28-05-2026/3t2
    threads: 8
    resources: tmpdir=/tmp
Select jobs to execute...
[Fri May 29 14:39:16 2026]
Finished jobid: 18 (Rule: identify_species)
8 of 37 steps (22%) done
Updating checkpoint dependencies.
Execute 1 jobs...
[Fri May 29 14:39:16 2026]
localrule assemble:
    input: /srv/results/28-05-2026/4e/Trimmed/R1.fastq.gz, /srv/results/28-05-2026/4e/Trimmed/R2.fastq.gz
    output: /srv/results/28-05-2026/4e/Assembly/contigs.fa
    log: /srv/results/28-05-2026/4e/logs/assemble.log
    jobid: 7
    reason: Missing output files: /srv/results/28-05-2026/4e/Assembly/contigs.fa; Input files updated by another job: /srv/results/28-05-2026/4e/Trimmed/R2.fastq.gz, /srv/results/28-05-2026/4e/Trimmed/R1.fastq.gz
    wildcards: sample=28-05-2026/4e
    threads: 8
    resources: tmpdir=/tmp, mem_mb=12000, mem=12 GB, mem_mib=11445
Select jobs to execute...
[Fri May 29 14:39:17 2026]
Finished jobid: 16 (Rule: fastp)
9 of 49 steps (18%) done
Execute 1 jobs...
[Fri May 29 14:39:18 2026]
localrule checkm:
    input: /srv/results/28-05-2026/3wvwr/Assembly/contigs.fa
    output: /srv/results/28-05-2026/3wvwr/CheckM/quality.tsv
    log: /srv/results/28-05-2026/3wvwr/logs/checkm.log
    jobid: 49
    reason: Missing output files: /srv/results/28-05-2026/3wvwr/CheckM/quality.tsv
    wildcards: sample=28-05-2026/3wvwr
    threads: 8
    resources: tmpdir=/tmp, mem_mb=22000, mem=22 GB, mem_mib=20981
Select jobs to execute...
[Fri May 29 14:40:05 2026]
Finished jobid: 7 (Rule: assemble)
10 of 49 steps (20%) done
Execute 1 jobs...
[Fri May 29 14:40:05 2026]
localrule amrfinder:
    input: /srv/results/28-05-2026/3wvwr/Assembly/contigs.fa, /srv/results/28-05-2026/3wvwr/species.txt
    output: /srv/results/28-05-2026/3wvwr/AMRFinder/amrfinder.tsv
    log: /srv/results/28-05-2026/3wvwr/logs/amrfinder.log
    jobid: 53
    reason: Missing output files: /srv/results/28-05-2026/3wvwr/AMRFinder/amrfinder.tsv
    wildcards: sample=28-05-2026/3wvwr
    threads: 8
    resources: tmpdir=/tmp
Select jobs to execute...
[Fri May 29 14:40:10 2026]
Finished jobid: 53 (Rule: amrfinder)
11 of 49 steps (22%) done
Execute 1 jobs...
[Fri May 29 14:40:10 2026]
localrule assemble:
    input: /srv/results/28-05-2026/4d/Trimmed/R1.fastq.gz, /srv/results/28-05-2026/4d/Trimmed/R2.fastq.gz
    output: /srv/results/28-05-2026/4d/Assembly/contigs.fa
    log: /srv/results/28-05-2026/4d/logs/assemble.log
    jobid: 23
    reason: Missing output files: /srv/results/28-05-2026/4d/Assembly/contigs.fa; Input files updated by another job: /srv/results/28-05-2026/4d/Trimmed/R1.fastq.gz, /srv/results/28-05-2026/4d/Trimmed/R2.fastq.gz
    wildcards: sample=28-05-2026/4d
    threads: 8
    resources: tmpdir=/tmp, mem_mb=12000, mem=12 GB, mem_mib=11445
Select jobs to execute...
[Fri May 29 14:40:40 2026]
Finished jobid: 49 (Rule: checkm)
12 of 49 steps (24%) done
Execute 1 jobs...
[Fri May 29 14:40:40 2026]
localrule quast:
    input: /srv/results/28-05-2026/3wvwr/Assembly/contigs.fa
    output: /srv/results/28-05-2026/3wvwr/QUAST/report.html
    log: /srv/results/28-05-2026/3wvwr/logs/quast.log
    jobid: 48
    reason: Missing output files: /srv/results/28-05-2026/3wvwr/QUAST/report.html
    wildcards: sample=28-05-2026/3wvwr
    threads: 8
    resources: tmpdir=/tmp
Select jobs to execute...
[Fri May 29 14:40:41 2026]
Finished jobid: 48 (Rule: quast)
13 of 49 steps (27%) done
Execute 1 jobs...
[Fri May 29 14:40:41 2026]
localcheckpoint identify_species:
    input: /srv/results/28-05-2026/4e/Assembly/contigs.fa
    output: /srv/results/28-05-2026/4e/species.txt, /srv/results/28-05-2026/4e/ID_Gambit/gambit.csv, /srv/results/28-05-2026/4e/ID_Skani/skani.tsv
    log: /srv/results/28-05-2026/4e/logs/identify_species.log
    jobid: 6
    reason: Missing output files: /srv/results/28-05-2026/4e/species.txt; Input files updated by another job: /srv/results/28-05-2026/4e/Assembly/contigs.fa
    wildcards: sample=28-05-2026/4e
    threads: 8
    resources: tmpdir=/tmp, mem_mb=4000, mem=4 GB, mem_mib=3815
DAG of jobs will be updated after completion.
Select jobs to execute...
[Fri May 29 14:40:44 2026]
Finished jobid: 6 (Rule: identify_species)
14 of 49 steps (29%) done
Updating checkpoint dependencies.
Execute 1 jobs...
[Fri May 29 14:40:44 2026]
localrule kraken2_qc:
    input: /srv/results/28-05-2026/3wvwr/Trimmed/R1.fastq.gz, /srv/results/28-05-2026/3wvwr/Trimmed/R2.fastq.gz
    output: /srv/results/28-05-2026/3wvwr/ID_Kraken2/kraken2_report.txt, /srv/results/28-05-2026/3wvwr/ID_Kraken2/bracken_species.txt
    log: /srv/results/28-05-2026/3wvwr/logs/kraken2_qc.log
    jobid: 58
    reason: Missing output files: /srv/results/28-05-2026/3wvwr/ID_Kraken2/kraken2_report.txt, /srv/results/28-05-2026/3wvwr/ID_Kraken2/bracken_species.txt
    wildcards: sample=28-05-2026/3wvwr
    threads: 8
    resources: tmpdir=/tmp, mem_mb=12000, mem=12 GB, mem_mib=11445
Select jobs to execute...
[Fri May 29 14:40:52 2026]
Finished jobid: 58 (Rule: kraken2_qc)
15 of 61 steps (25%) done
Execute 1 jobs...
[Fri May 29 14:40:52 2026]
localrule quast:
    input: /srv/results/28-05-2026/4e/Assembly/contigs.fa
    output: /srv/results/28-05-2026/4e/QUAST/report.html
    log: /srv/results/28-05-2026/4e/logs/quast.log
    jobid: 70
    reason: Missing output files: /srv/results/28-05-2026/4e/QUAST/report.html
    wildcards: sample=28-05-2026/4e
    threads: 8
    resources: tmpdir=/tmp
Select jobs to execute...
[Fri May 29 14:40:53 2026]
Finished jobid: 70 (Rule: quast)
16 of 61 steps (26%) done
Execute 6 jobs...
[Fri May 29 14:40:53 2026]
localrule mob_typer:
    input: /srv/results/28-05-2026/4e/Assembly/contigs.fa
    output: /srv/results/28-05-2026/4e/MOBSuite/mobtyper.tsv
    log: /srv/results/28-05-2026/4e/logs/mob_typer.log
    jobid: 76
    reason: Missing output files: /srv/results/28-05-2026/4e/MOBSuite/mobtyper.tsv
    wildcards: sample=28-05-2026/4e
    resources: tmpdir=/tmp
[Fri May 29 14:40:53 2026]
localrule mefinder:
    input: /srv/results/28-05-2026/3wvwr/Assembly/contigs.fa, /srv/results/.mefinder_db/mge_records.nhr
    output: /srv/results/28-05-2026/3wvwr/MEfinder/mefinder.tsv
    log: /srv/results/28-05-2026/3wvwr/logs/mefinder.log
    jobid: 56
    reason: Missing output files: /srv/results/28-05-2026/3wvwr/MEfinder/mefinder.tsv
    wildcards: sample=28-05-2026/3wvwr
    resources: tmpdir=/tmp
[Fri May 29 14:40:53 2026]
localrule mlst:
    input: /srv/results/28-05-2026/4e/Assembly/contigs.fa, /srv/results/28-05-2026/4e/species.txt
    output: /srv/results/28-05-2026/4e/MLST/mlst.tsv
    log: /srv/results/28-05-2026/4e/logs/mlst.log
    jobid: 74
    reason: Missing output files: /srv/results/28-05-2026/4e/MLST/mlst.tsv
    wildcards: sample=28-05-2026/4e
    resources: tmpdir=/tmp
[Fri May 29 14:40:53 2026]
localrule plasmidfinder:
    input: /srv/results/28-05-2026/4e/Assembly/contigs.fa
    output: /srv/results/28-05-2026/4e/PlasmidFinder/results_tab.tsv
    log: /srv/results/28-05-2026/4e/logs/plasmidfinder.log
    jobid: 77
    reason: Missing output files: /srv/results/28-05-2026/4e/PlasmidFinder/results_tab.tsv
    wildcards: sample=28-05-2026/4e
    resources: tmpdir=/tmp
[Fri May 29 14:40:53 2026]
localrule fastqc:
    input: /srv/results/28-05-2026/3wvwr/Trimmed/R1.fastq.gz, /srv/results/28-05-2026/3wvwr/Trimmed/R2.fastq.gz
    output: /srv/results/28-05-2026/3wvwr/QC/fastqc/R1_fastqc.html, /srv/results/28-05-2026/3wvwr/QC/fastqc/R2_fastqc.html
    log: /srv/results/28-05-2026/3wvwr/logs/fastqc.log
    jobid: 51
    reason: Missing output files: /srv/results/28-05-2026/3wvwr/QC/fastqc/R1_fastqc.html
    wildcards: sample=28-05-2026/3wvwr
    threads: 2
    resources: tmpdir=/tmp
[Fri May 29 14:40:53 2026]
localrule fastqc:
    input: /srv/results/28-05-2026/4e/Trimmed/R1.fastq.gz, /srv/results/28-05-2026/4e/Trimmed/R2.fastq.gz
    output: /srv/results/28-05-2026/4e/QC/fastqc/R1_fastqc.html, /srv/results/28-05-2026/4e/QC/fastqc/R2_fastqc.html
    log: /srv/results/28-05-2026/4e/logs/fastqc.log
    jobid: 73
    reason: Missing output files: /srv/results/28-05-2026/4e/QC/fastqc/R1_fastqc.html
    wildcards: sample=28-05-2026/4e
    threads: 2
    resources: tmpdir=/tmp
Select jobs to execute...
[Fri May 29 14:40:55 2026]
Finished jobid: 74 (Rule: mlst)
17 of 61 steps (28%) done
Execute 1 jobs...
[Fri May 29 14:40:55 2026]
localrule plasmidfinder:
    input: /srv/results/28-05-2026/3wvwr/Assembly/contigs.fa
    output: /srv/results/28-05-2026/3wvwr/PlasmidFinder/results_tab.tsv
    log: /srv/results/28-05-2026/3wvwr/logs/plasmidfinder.log
    jobid: 55
    reason: Missing output files: /srv/results/28-05-2026/3wvwr/PlasmidFinder/results_tab.tsv
    wildcards: sample=28-05-2026/3wvwr
    resources: tmpdir=/tmp
Select jobs to execute...
[Fri May 29 14:40:56 2026]
Finished jobid: 77 (Rule: plasmidfinder)
18 of 61 steps (30%) done
Execute 1 jobs...
[Fri May 29 14:40:56 2026]
localrule mefinder:
    input: /srv/results/28-05-2026/4e/Assembly/contigs.fa, /srv/results/.mefinder_db/mge_records.nhr
    output: /srv/results/28-05-2026/4e/MEfinder/mefinder.tsv
    log: /srv/results/28-05-2026/4e/logs/mefinder.log
    jobid: 78
    reason: Missing output files: /srv/results/28-05-2026/4e/MEfinder/mefinder.tsv
    wildcards: sample=28-05-2026/4e
    resources: tmpdir=/tmp
Select jobs to execute...
[Fri May 29 14:40:58 2026]
Finished jobid: 73 (Rule: fastqc)
19 of 61 steps (31%) done
Execute 2 jobs...
[Fri May 29 14:40:58 2026]
localrule mob_typer:
    input: /srv/results/28-05-2026/3wvwr/Assembly/contigs.fa
    output: /srv/results/28-05-2026/3wvwr/MOBSuite/mobtyper.tsv
    log: /srv/results/28-05-2026/3wvwr/logs/mob_typer.log
    jobid: 54
    reason: Missing output files: /srv/results/28-05-2026/3wvwr/MOBSuite/mobtyper.tsv
    wildcards: sample=28-05-2026/3wvwr
    resources: tmpdir=/tmp
[Fri May 29 14:40:58 2026]
localrule gbsserotyper:
    input: /srv/results/28-05-2026/4e/Assembly/contigs.fa
    output: /srv/results/28-05-2026/4e/GBSSeroTyper/serotype.tsv
    log: /srv/results/28-05-2026/4e/logs/gbsserotyper.log
    jobid: 80
    reason: Missing output files: /srv/results/28-05-2026/4e/GBSSeroTyper/serotype.tsv
    wildcards: sample=28-05-2026/4e
    resources: tmpdir=/tmp
[Fri May 29 14:40:58 2026]
Finished jobid: 55 (Rule: plasmidfinder)
20 of 61 steps (33%) done
Select jobs to execute...
RuleException:
CalledProcessError in file "/home/bruker/genomics/Snakefile", line 560:
Command 'set -euo pipefail;  
        if [ ! -f /home/bruker/genomics/.gbssbg/GBS-SBG.py ]; then
            echo "ERROR: GBS-SBG not installed at /home/bruker/genomics/.gbssbg/" >&2
            echo "       Run: scripts/fetch_gbssbg.sh" >&2
            exit 1
        fi
        outdir=$(dirname /srv/results/28-05-2026/4e/GBSSeroTyper/serotype.tsv)
        mkdir -p "$outdir"
        pixi run --environment identification python /home/bruker/genomics/.gbssbg/GBS-SBG.py             -i /srv/results/28-05-2026/4e/Assembly/contigs.fa -o "$outdir/serotype" 2>&1 | tee /srv/results/28-05-2026/4e/logs/gbsserotyper.log
        mv "$outdir/serotype.tsv" /srv/results/28-05-2026/4e/GBSSeroTyper/serotype.tsv 2>/dev/null ||             mv "$outdir/serotype.csv" /srv/results/28-05-2026/4e/GBSSeroTyper/serotype.tsv' returned non-zero exit status 1.
[Fri May 29 14:40:58 2026]
Error in rule gbsserotyper:
    message: None
    jobid: 80
    input: /srv/results/28-05-2026/4e/Assembly/contigs.fa
    output: /srv/results/28-05-2026/4e/GBSSeroTyper/serotype.tsv
    log: /srv/results/28-05-2026/4e/logs/gbsserotyper.log (check log file(s) for error details)
    shell:
        
        if [ ! -f /home/bruker/genomics/.gbssbg/GBS-SBG.py ]; then
            echo "ERROR: GBS-SBG not installed at /home/bruker/genomics/.gbssbg/" >&2
            echo "       Run: scripts/fetch_gbssbg.sh" >&2
            exit 1
        fi
        outdir=$(dirname /srv/results/28-05-2026/4e/GBSSeroTyper/serotype.tsv)
        mkdir -p "$outdir"
        pixi run --environment identification python /home/bruker/genomics/.gbssbg/GBS-SBG.py             -i /srv/results/28-05-2026/4e/Assembly/contigs.fa -o "$outdir/serotype" 2>&1 | tee /srv/results/28-05-2026/4e/logs/gbsserotyper.log
        mv "$outdir/serotype.tsv" /srv/results/28-05-2026/4e/GBSSeroTyper/serotype.tsv 2>/dev/null ||             mv "$outdir/serotype.csv" /srv/results/28-05-2026/4e/GBSSeroTyper/serotype.tsv
        
        (command exited with non-zero exit code)
Execute 1 jobs...
[Fri May 29 14:40:58 2026]
localrule mlst:
    input: /srv/results/28-05-2026/3wvwr/Assembly/contigs.fa, /srv/results/28-05-2026/3wvwr/species.txt
    output: /srv/results/28-05-2026/3wvwr/MLST/mlst.tsv
    log: /srv/results/28-05-2026/3wvwr/logs/mlst.log
    jobid: 52
    reason: Missing output files: /srv/results/28-05-2026/3wvwr/MLST/mlst.tsv
    wildcards: sample=28-05-2026/3wvwr
    resources: tmpdir=/tmp
[Fri May 29 14:40:59 2026]
Finished jobid: 51 (Rule: fastqc)
21 of 61 steps (34%) done
[Fri May 29 14:41:00 2026]
Finished jobid: 52 (Rule: mlst)
22 of 61 steps (36%) done
[Fri May 29 14:41:05 2026]
Finished jobid: 23 (Rule: assemble)
23 of 61 steps (38%) done
Terminating processes on user request, this might take some time.
RuleException:
CalledProcessError in file "/home/bruker/genomics/Snakefile", line 462:
Command 'set -euo pipefail;  
        sed '/^>/s/ .*//' /srv/results/28-05-2026/4e/Assembly/contigs.fa > /srv/results/28-05-2026/4e/MEfinder/contigs.fa
        pixi run --environment mefinder mefinder find /srv/results/28-05-2026/4e/MEfinder/mefinder             -c /srv/results/28-05-2026/4e/MEfinder/contigs.fa --db-path /srv/results/.mefinder_db             --temp-dir /srv/results/28-05-2026/4e/MEfinder/tmp 2>&1 | tee /srv/results/28-05-2026/4e/logs/mefinder.log
        rm -f /srv/results/28-05-2026/4e/MEfinder/contigs.fa
        rm -rf /srv/results/28-05-2026/4e/MEfinder/tmp
        [ -f /srv/results/28-05-2026/4e/MEfinder/mefinder.tsv ] || mv /srv/results/28-05-2026/4e/MEfinder/mefinder.csv /srv/results/28-05-2026/4e/MEfinder/mefinder.tsv' returned non-zero exit status 130.
[Fri May 29 14:41:14 2026]
Error in rule mefinder:
    message: None
    jobid: 78
    input: /srv/results/28-05-2026/4e/Assembly/contigs.fa, /srv/results/.mefinder_db/mge_records.nhr
    output: /srv/results/28-05-2026/4e/MEfinder/mefinder.tsv
    log: /srv/results/28-05-2026/4e/logs/mefinder.log (check log file(s) for error details)
    shell:
        
        sed '/^>/s/ .*//' /srv/results/28-05-2026/4e/Assembly/contigs.fa > /srv/results/28-05-2026/4e/MEfinder/contigs.fa
        pixi run --environment mefinder mefinder find /srv/results/28-05-2026/4e/MEfinder/mefinder             -c /srv/results/28-05-2026/4e/MEfinder/contigs.fa --db-path /srv/results/.mefinder_db             --temp-dir /srv/results/28-05-2026/4e/MEfinder/tmp 2>&1 | tee /srv/results/28-05-2026/4e/logs/mefinder.log
        rm -f /srv/results/28-05-2026/4e/MEfinder/contigs.fa
        rm -rf /srv/results/28-05-2026/4e/MEfinder/tmp
        [ -f /srv/results/28-05-2026/4e/MEfinder/mefinder.tsv ] || mv /srv/results/28-05-2026/4e/MEfinder/mefinder.csv /srv/results/28-05-2026/4e/MEfinder/mefinder.tsv
        
        (command exited with non-zero exit code)
RuleException:
CalledProcessError in file "/home/bruker/genomics/Snakefile", line 462:
Command 'set -euo pipefail;  
        sed '/^>/s/ .*//' /srv/results/28-05-2026/3wvwr/Assembly/contigs.fa > /srv/results/28-05-2026/3wvwr/MEfinder/contigs.fa
        pixi run --environment mefinder mefinder find /srv/results/28-05-2026/3wvwr/MEfinder/mefinder             -c /srv/results/28-05-2026/3wvwr/MEfinder/contigs.fa --db-path /srv/results/.mefinder_db             --temp-dir /srv/results/28-05-2026/3wvwr/MEfinder/tmp 2>&1 | tee /srv/results/28-05-2026/3wvwr/logs/mefinder.log
        rm -f /srv/results/28-05-2026/3wvwr/MEfinder/contigs.fa
        rm -rf /srv/results/28-05-2026/3wvwr/MEfinder/tmp
        [ -f /srv/results/28-05-2026/3wvwr/MEfinder/mefinder.tsv ] || mv /srv/results/28-05-2026/3wvwr/MEfinder/mefinder.csv /srv/results/28-05-2026/3wvwr/MEfinder/mefinder.tsv' returned non-zero exit status 130.
[Fri May 29 14:41:14 2026]
Error in rule mefinder:
    message: None
    jobid: 56
    input: /srv/results/28-05-2026/3wvwr/Assembly/contigs.fa, /srv/results/.mefinder_db/mge_records.nhr
    output: /srv/results/28-05-2026/3wvwr/MEfinder/mefinder.tsv
    log: /srv/results/28-05-2026/3wvwr/logs/mefinder.log (check log file(s) for error details)
    shell:
        
        sed '/^>/s/ .*//' /srv/results/28-05-2026/3wvwr/Assembly/contigs.fa > /srv/results/28-05-2026/3wvwr/MEfinder/contigs.fa
        pixi run --environment mefinder mefinder find /srv/results/28-05-2026/3wvwr/MEfinder/mefinder             -c /srv/results/28-05-2026/3wvwr/MEfinder/contigs.fa --db-path /srv/results/.mefinder_db             --temp-dir /srv/results/28-05-2026/3wvwr/MEfinder/tmp 2>&1 | tee /srv/results/28-05-2026/3wvwr/logs/mefinder.log
        rm -f /srv/results/28-05-2026/3wvwr/MEfinder/contigs.fa
        rm -rf /srv/results/28-05-2026/3wvwr/MEfinder/tmp
        [ -f /srv/results/28-05-2026/3wvwr/MEfinder/mefinder.tsv ] || mv /srv/results/28-05-2026/3wvwr/MEfinder/mefinder.csv /srv/results/28-05-2026/3wvwr/MEfinder/mefinder.tsv
        
        (command exited with non-zero exit code)
RuleException:
CalledProcessError in file "/home/bruker/genomics/Snakefile", line 410:
Command 'set -euo pipefail;  pixi run --environment mobsuite mob_typer --infile /srv/results/28-05-2026/4e/Assembly/contigs.fa --out_file /srv/results/28-05-2026/4e/MOBSuite/mobtyper.tsv 2>&1 | tee /srv/results/28-05-2026/4e/logs/mob_typer.log' returned non-zero exit status 130.
[Fri May 29 14:41:14 2026]
Error in rule mob_typer:
    message: None
    jobid: 76
    input: /srv/results/28-05-2026/4e/Assembly/contigs.fa
    output: /srv/results/28-05-2026/4e/MOBSuite/mobtyper.tsv
    log: /srv/results/28-05-2026/4e/logs/mob_typer.log (check log file(s) for error details)
    shell:
        pixi run --environment mobsuite mob_typer --infile /srv/results/28-05-2026/4e/Assembly/contigs.fa --out_file /srv/results/28-05-2026/4e/MOBSuite/mobtyper.tsv 2>&1 | tee /srv/results/28-05-2026/4e/logs/mob_typer.log
        (command exited with non-zero exit code)
RuleException:
CalledProcessError in file "/home/bruker/genomics/Snakefile", line 410:
Command 'set -euo pipefail;  pixi run --environment mobsuite mob_typer --infile /srv/results/28-05-2026/3wvwr/Assembly/contigs.fa --out_file /srv/results/28-05-2026/3wvwr/MOBSuite/mobtyper.tsv 2>&1 | tee /srv/results/28-05-2026/3wvwr/logs/mob_typer.log' returned non-zero exit status 130.
[Fri May 29 14:41:14 2026]
Error in rule mob_typer:
    message: None
    jobid: 54
    input: /srv/results/28-05-2026/3wvwr/Assembly/contigs.fa
    output: /srv/results/28-05-2026/3wvwr/MOBSuite/mobtyper.tsv
    log: /srv/results/28-05-2026/3wvwr/logs/mob_typer.log (check log file(s) for error details)
    shell:
        pixi run --environment mobsuite mob_typer --infile /srv/results/28-05-2026/3wvwr/Assembly/contigs.fa --out_file /srv/results/28-05-2026/3wvwr/MOBSuite/mobtyper.tsv 2>&1 | tee /srv/results/28-05-2026/3wvwr/logs/mob_typer.log
        (command exited with non-zero exit code)
Complete log(s): /home/bruker/genomics/.snakemake/log/2026-05-29T143757.452601.snakemake.log
WorkflowError:
At least one job did not complete successfully.
