Assuming unrestricted shared filesystem usage.
host: fedora
Building DAG of jobs...
Using shell: /usr/bin/bash
Provided cores: 8
Rules claiming more threads will be scaled down.
Job stats:
job                 count
----------------  -------
identify_species        3
kleborate               3
report                  3
all                     1
total                  10

Select jobs to execute...
Execute 3 jobs...
[Sun Apr  5 23:10:40 2026]
localrule identify_species:
    input: results/1/Trimmed/1_R1.fastq.gz, results/1/Trimmed/1_R2.fastq.gz
    output: results/1/species.txt, results/1/ID_Kraken2/kraken2_report.txt
    jobid: 5
    reason: Missing output files: results/1/species.txt
    wildcards: sample=1
    resources: tmpdir=/tmp
[Sun Apr  5 23:10:40 2026]
localrule identify_species:
    input: results/3/Trimmed/3_R1.fastq.gz, results/3/Trimmed/3_R2.fastq.gz
    output: results/3/species.txt, results/3/ID_Kraken2/kraken2_report.txt
    jobid: 15
    reason: Missing output files: results/3/species.txt
    wildcards: sample=3
    resources: tmpdir=/tmp
[Sun Apr  5 23:10:40 2026]
localrule identify_species:
    input: results/2/Trimmed/2_R1.fastq.gz, results/2/Trimmed/2_R2.fastq.gz
    output: results/2/species.txt, results/2/ID_Kraken2/kraken2_report.txt
    jobid: 10
    reason: Missing output files: results/2/species.txt
    wildcards: sample=2
    resources: tmpdir=/tmp
RuleException:
CalledProcessError in file "/home/odd/genomics/Snakefile", line 135:
Command 'set -euo pipefail;  
        pixi run --environment identification kraken2 --db /run/media/odd/Database/kraken2_db/ --paired --report results/3/ID_Kraken2/kraken2_report.txt results/3/Trimmed/3_R1.fastq.gz results/3/Trimmed/3_R2.fastq.gz > /dev/null
        grep -P '\tS\t' results/3/ID_Kraken2/kraken2_report.txt | sort -nrk3 | head -n1 | cut -f6 | sed 's/^[[:space:]]*//' > results/3/species.txt' returned non-zero exit status 2.
[Sun Apr  5 23:10:40 2026]
Error in rule identify_species:
    message: None
    jobid: 15
    input: results/3/Trimmed/3_R1.fastq.gz, results/3/Trimmed/3_R2.fastq.gz
    output: results/3/species.txt, results/3/ID_Kraken2/kraken2_report.txt
    shell:
        
        pixi run --environment identification kraken2 --db /run/media/odd/Database/kraken2_db/ --paired --report results/3/ID_Kraken2/kraken2_report.txt results/3/Trimmed/3_R1.fastq.gz results/3/Trimmed/3_R2.fastq.gz > /dev/null
        grep -P '\tS\t' results/3/ID_Kraken2/kraken2_report.txt | sort -nrk3 | head -n1 | cut -f6 | sed 's/^[[:space:]]*//' > results/3/species.txt
        
        (command exited with non-zero exit code)
RuleException:
CalledProcessError in file "/home/odd/genomics/Snakefile", line 135:
Command 'set -euo pipefail;  
        pixi run --environment identification kraken2 --db /run/media/odd/Database/kraken2_db/ --paired --report results/1/ID_Kraken2/kraken2_report.txt results/1/Trimmed/1_R1.fastq.gz results/1/Trimmed/1_R2.fastq.gz > /dev/null
        grep -P '\tS\t' results/1/ID_Kraken2/kraken2_report.txt | sort -nrk3 | head -n1 | cut -f6 | sed 's/^[[:space:]]*//' > results/1/species.txt' returned non-zero exit status 2.
[Sun Apr  5 23:10:40 2026]
Error in rule identify_species:
    message: None
    jobid: 5
    input: results/1/Trimmed/1_R1.fastq.gz, results/1/Trimmed/1_R2.fastq.gz
    output: results/1/species.txt, results/1/ID_Kraken2/kraken2_report.txt
    shell:
        
        pixi run --environment identification kraken2 --db /run/media/odd/Database/kraken2_db/ --paired --report results/1/ID_Kraken2/kraken2_report.txt results/1/Trimmed/1_R1.fastq.gz results/1/Trimmed/1_R2.fastq.gz > /dev/null
        grep -P '\tS\t' results/1/ID_Kraken2/kraken2_report.txt | sort -nrk3 | head -n1 | cut -f6 | sed 's/^[[:space:]]*//' > results/1/species.txt
        
        (command exited with non-zero exit code)
RuleException:
CalledProcessError in file "/home/odd/genomics/Snakefile", line 135:
Command 'set -euo pipefail;  
        pixi run --environment identification kraken2 --db /run/media/odd/Database/kraken2_db/ --paired --report results/2/ID_Kraken2/kraken2_report.txt results/2/Trimmed/2_R1.fastq.gz results/2/Trimmed/2_R2.fastq.gz > /dev/null
        grep -P '\tS\t' results/2/ID_Kraken2/kraken2_report.txt | sort -nrk3 | head -n1 | cut -f6 | sed 's/^[[:space:]]*//' > results/2/species.txt' returned non-zero exit status 2.
[Sun Apr  5 23:10:40 2026]
Error in rule identify_species:
    message: None
    jobid: 10
    input: results/2/Trimmed/2_R1.fastq.gz, results/2/Trimmed/2_R2.fastq.gz
    output: results/2/species.txt, results/2/ID_Kraken2/kraken2_report.txt
    shell:
        
        pixi run --environment identification kraken2 --db /run/media/odd/Database/kraken2_db/ --paired --report results/2/ID_Kraken2/kraken2_report.txt results/2/Trimmed/2_R1.fastq.gz results/2/Trimmed/2_R2.fastq.gz > /dev/null
        grep -P '\tS\t' results/2/ID_Kraken2/kraken2_report.txt | sort -nrk3 | head -n1 | cut -f6 | sed 's/^[[:space:]]*//' > results/2/species.txt
        
        (command exited with non-zero exit code)
Shutting down, this might take some time.
Exiting because a job execution failed. Look below for error messages
[Sun Apr  5 23:10:40 2026]
Error in rule identify_species:
    message: None
    jobid: 5
    input: results/1/Trimmed/1_R1.fastq.gz, results/1/Trimmed/1_R2.fastq.gz
    output: results/1/species.txt, results/1/ID_Kraken2/kraken2_report.txt
    shell:
        
        pixi run --environment identification kraken2 --db /run/media/odd/Database/kraken2_db/ --paired --report results/1/ID_Kraken2/kraken2_report.txt results/1/Trimmed/1_R1.fastq.gz results/1/Trimmed/1_R2.fastq.gz > /dev/null
        grep -P '\tS\t' results/1/ID_Kraken2/kraken2_report.txt | sort -nrk3 | head -n1 | cut -f6 | sed 's/^[[:space:]]*//' > results/1/species.txt
        
        (command exited with non-zero exit code)
[Sun Apr  5 23:10:40 2026]
Error in rule identify_species:
    message: None
    jobid: 15
    input: results/3/Trimmed/3_R1.fastq.gz, results/3/Trimmed/3_R2.fastq.gz
    output: results/3/species.txt, results/3/ID_Kraken2/kraken2_report.txt
    shell:
        
        pixi run --environment identification kraken2 --db /run/media/odd/Database/kraken2_db/ --paired --report results/3/ID_Kraken2/kraken2_report.txt results/3/Trimmed/3_R1.fastq.gz results/3/Trimmed/3_R2.fastq.gz > /dev/null
        grep -P '\tS\t' results/3/ID_Kraken2/kraken2_report.txt | sort -nrk3 | head -n1 | cut -f6 | sed 's/^[[:space:]]*//' > results/3/species.txt
        
        (command exited with non-zero exit code)
[Sun Apr  5 23:10:40 2026]
Error in rule identify_species:
    message: None
    jobid: 10
    input: results/2/Trimmed/2_R1.fastq.gz, results/2/Trimmed/2_R2.fastq.gz
    output: results/2/species.txt, results/2/ID_Kraken2/kraken2_report.txt
    shell:
        
        pixi run --environment identification kraken2 --db /run/media/odd/Database/kraken2_db/ --paired --report results/2/ID_Kraken2/kraken2_report.txt results/2/Trimmed/2_R1.fastq.gz results/2/Trimmed/2_R2.fastq.gz > /dev/null
        grep -P '\tS\t' results/2/ID_Kraken2/kraken2_report.txt | sort -nrk3 | head -n1 | cut -f6 | sed 's/^[[:space:]]*//' > results/2/species.txt
        
        (command exited with non-zero exit code)
Complete log(s): /home/odd/genomics/.snakemake/log/2026-04-05T231040.512561.snakemake.log
WorkflowError:
At least one job did not complete successfully.
