Config file config.yaml is extended by additional config specified via the command line.
Assuming unrestricted shared filesystem usage.
host: fedora
Building DAG of jobs...
Using shell: /usr/bin/bash
Provided cores: 8
Rules claiming more threads will be scaled down.
Job stats:
job                 count
----------------  -------
assemble                3
identify_species        3
kleborate               3
report                  3
all                     1
total                  13

Select jobs to execute...
Execute 1 jobs...
[Sun Apr  5 22:23:27 2026]
localrule assemble:
    input: results/2/Trimmed/2_R1.fastq.gz, results/2/Trimmed/2_R2.fastq.gz
    output: results/2/Assembly/contigs.fa
    jobid: 8
    reason: Missing output files: results/2/Assembly/contigs.fa
    wildcards: sample=2
    threads: 8
    resources: tmpdir=/tmp
Select jobs to execute...
[Sun Apr  5 22:25:12 2026]
Finished jobid: 8 (Rule: assemble)
1 of 13 steps (8%) done
Execute 1 jobs...
[Sun Apr  5 22:25:12 2026]
localrule assemble:
    input: results/3/Trimmed/3_R1.fastq.gz, results/3/Trimmed/3_R2.fastq.gz
    output: results/3/Assembly/contigs.fa
    jobid: 13
    reason: Missing output files: results/3/Assembly/contigs.fa
    wildcards: sample=3
    threads: 8
    resources: tmpdir=/tmp
Select jobs to execute...
[Sun Apr  5 22:25:57 2026]
Finished jobid: 13 (Rule: assemble)
2 of 13 steps (15%) done
Execute 1 jobs...
[Sun Apr  5 22:25:57 2026]
localrule assemble:
    input: results/1/Trimmed/1_R1.fastq.gz, results/1/Trimmed/1_R2.fastq.gz
    output: results/1/Assembly/contigs.fa
    jobid: 3
    reason: Missing output files: results/1/Assembly/contigs.fa
    wildcards: sample=1
    threads: 8
    resources: tmpdir=/tmp
Select jobs to execute...
[Sun Apr  5 22:27:34 2026]
Finished jobid: 3 (Rule: assemble)
3 of 13 steps (23%) done
Execute 3 jobs...
[Sun Apr  5 22:27:34 2026]
localrule identify_species:
    input: results/1/Trimmed/1_R1.fastq.gz, results/1/Trimmed/1_R2.fastq.gz
    output: results/1/species.txt, results/1/ID_Kraken2/kraken2_report.txt
    jobid: 5
    reason: Missing output files: results/1/species.txt
    wildcards: sample=1
    resources: tmpdir=/tmp
[Sun Apr  5 22:27:34 2026]
localrule identify_species:
    input: results/3/Trimmed/3_R1.fastq.gz, results/3/Trimmed/3_R2.fastq.gz
    output: results/3/species.txt, results/3/ID_Kraken2/kraken2_report.txt
    jobid: 15
    reason: Missing output files: results/3/species.txt
    wildcards: sample=3
    resources: tmpdir=/tmp
[Sun Apr  5 22:27:34 2026]
localrule identify_species:
    input: results/2/Trimmed/2_R1.fastq.gz, results/2/Trimmed/2_R2.fastq.gz
    output: results/2/species.txt, results/2/ID_Kraken2/kraken2_report.txt
    jobid: 10
    reason: Missing output files: results/2/species.txt
    wildcards: sample=2
    resources: tmpdir=/tmp
RuleException:
CalledProcessError in file "/home/odd/genomics/Snakefile", line 154:
Command 'set -euo pipefail;  
        pixi run --environment identification kraken2 --db /databases/kraken2_db --paired --report results/3/ID_Kraken2/kraken2_report.txt results/3/Trimmed/3_R1.fastq.gz results/3/Trimmed/3_R2.fastq.gz > /dev/null
        grep -P '\tS\t' results/3/ID_Kraken2/kraken2_report.txt | sort -nrk3 | head -n1 | cut -f6 | sed 's/^[[:space:]]*//' > results/3/species.txt' returned non-zero exit status 2.
[Sun Apr  5 22:27:35 2026]
Error in rule identify_species:
    message: None
    jobid: 15
    input: results/3/Trimmed/3_R1.fastq.gz, results/3/Trimmed/3_R2.fastq.gz
    output: results/3/species.txt, results/3/ID_Kraken2/kraken2_report.txt
    shell:
        
        pixi run --environment identification kraken2 --db /databases/kraken2_db --paired --report results/3/ID_Kraken2/kraken2_report.txt results/3/Trimmed/3_R1.fastq.gz results/3/Trimmed/3_R2.fastq.gz > /dev/null
        grep -P '\tS\t' results/3/ID_Kraken2/kraken2_report.txt | sort -nrk3 | head -n1 | cut -f6 | sed 's/^[[:space:]]*//' > results/3/species.txt
        
        (command exited with non-zero exit code)
RuleException:
CalledProcessError in file "/home/odd/genomics/Snakefile", line 154:
Command 'set -euo pipefail;  
        pixi run --environment identification kraken2 --db /databases/kraken2_db --paired --report results/1/ID_Kraken2/kraken2_report.txt results/1/Trimmed/1_R1.fastq.gz results/1/Trimmed/1_R2.fastq.gz > /dev/null
        grep -P '\tS\t' results/1/ID_Kraken2/kraken2_report.txt | sort -nrk3 | head -n1 | cut -f6 | sed 's/^[[:space:]]*//' > results/1/species.txt' returned non-zero exit status 2.
[Sun Apr  5 22:27:35 2026]
Error in rule identify_species:
    message: None
    jobid: 5
    input: results/1/Trimmed/1_R1.fastq.gz, results/1/Trimmed/1_R2.fastq.gz
    output: results/1/species.txt, results/1/ID_Kraken2/kraken2_report.txt
    shell:
        
        pixi run --environment identification kraken2 --db /databases/kraken2_db --paired --report results/1/ID_Kraken2/kraken2_report.txt results/1/Trimmed/1_R1.fastq.gz results/1/Trimmed/1_R2.fastq.gz > /dev/null
        grep -P '\tS\t' results/1/ID_Kraken2/kraken2_report.txt | sort -nrk3 | head -n1 | cut -f6 | sed 's/^[[:space:]]*//' > results/1/species.txt
        
        (command exited with non-zero exit code)
RuleException:
CalledProcessError in file "/home/odd/genomics/Snakefile", line 154:
Command 'set -euo pipefail;  
        pixi run --environment identification kraken2 --db /databases/kraken2_db --paired --report results/2/ID_Kraken2/kraken2_report.txt results/2/Trimmed/2_R1.fastq.gz results/2/Trimmed/2_R2.fastq.gz > /dev/null
        grep -P '\tS\t' results/2/ID_Kraken2/kraken2_report.txt | sort -nrk3 | head -n1 | cut -f6 | sed 's/^[[:space:]]*//' > results/2/species.txt' returned non-zero exit status 2.
[Sun Apr  5 22:27:35 2026]
Error in rule identify_species:
    message: None
    jobid: 10
    input: results/2/Trimmed/2_R1.fastq.gz, results/2/Trimmed/2_R2.fastq.gz
    output: results/2/species.txt, results/2/ID_Kraken2/kraken2_report.txt
    shell:
        
        pixi run --environment identification kraken2 --db /databases/kraken2_db --paired --report results/2/ID_Kraken2/kraken2_report.txt results/2/Trimmed/2_R1.fastq.gz results/2/Trimmed/2_R2.fastq.gz > /dev/null
        grep -P '\tS\t' results/2/ID_Kraken2/kraken2_report.txt | sort -nrk3 | head -n1 | cut -f6 | sed 's/^[[:space:]]*//' > results/2/species.txt
        
        (command exited with non-zero exit code)
Shutting down, this might take some time.
Exiting because a job execution failed. Look below for error messages
[Sun Apr  5 22:27:35 2026]
Error in rule identify_species:
    message: None
    jobid: 5
    input: results/1/Trimmed/1_R1.fastq.gz, results/1/Trimmed/1_R2.fastq.gz
    output: results/1/species.txt, results/1/ID_Kraken2/kraken2_report.txt
    shell:
        
        pixi run --environment identification kraken2 --db /databases/kraken2_db --paired --report results/1/ID_Kraken2/kraken2_report.txt results/1/Trimmed/1_R1.fastq.gz results/1/Trimmed/1_R2.fastq.gz > /dev/null
        grep -P '\tS\t' results/1/ID_Kraken2/kraken2_report.txt | sort -nrk3 | head -n1 | cut -f6 | sed 's/^[[:space:]]*//' > results/1/species.txt
        
        (command exited with non-zero exit code)
[Sun Apr  5 22:27:35 2026]
Error in rule identify_species:
    message: None
    jobid: 15
    input: results/3/Trimmed/3_R1.fastq.gz, results/3/Trimmed/3_R2.fastq.gz
    output: results/3/species.txt, results/3/ID_Kraken2/kraken2_report.txt
    shell:
        
        pixi run --environment identification kraken2 --db /databases/kraken2_db --paired --report results/3/ID_Kraken2/kraken2_report.txt results/3/Trimmed/3_R1.fastq.gz results/3/Trimmed/3_R2.fastq.gz > /dev/null
        grep -P '\tS\t' results/3/ID_Kraken2/kraken2_report.txt | sort -nrk3 | head -n1 | cut -f6 | sed 's/^[[:space:]]*//' > results/3/species.txt
        
        (command exited with non-zero exit code)
[Sun Apr  5 22:27:35 2026]
Error in rule identify_species:
    message: None
    jobid: 10
    input: results/2/Trimmed/2_R1.fastq.gz, results/2/Trimmed/2_R2.fastq.gz
    output: results/2/species.txt, results/2/ID_Kraken2/kraken2_report.txt
    shell:
        
        pixi run --environment identification kraken2 --db /databases/kraken2_db --paired --report results/2/ID_Kraken2/kraken2_report.txt results/2/Trimmed/2_R1.fastq.gz results/2/Trimmed/2_R2.fastq.gz > /dev/null
        grep -P '\tS\t' results/2/ID_Kraken2/kraken2_report.txt | sort -nrk3 | head -n1 | cut -f6 | sed 's/^[[:space:]]*//' > results/2/species.txt
        
        (command exited with non-zero exit code)
Complete log(s): /home/odd/genomics/.snakemake/log/2026-04-05T222327.800012.snakemake.log
WorkflowError:
At least one job did not complete successfully.
