Config file config.yaml is extended by additional config specified via the command line.
Assuming unrestricted shared filesystem usage.
host: odd-alexander-tellefsen-NGS-HP-Z4-G5-Workstation-Desktop-PC
Building DAG of jobs...
Using shell: /usr/bin/bash
Provided cores: 16
Rules claiming more threads will be scaled down.
Job stats:
job             count
------------  -------
fastp               3
assemble            3
fastqc              3
checkm              3
parsnp              1
prokka              1
quast               3
skani               3
multiqc             3
snippy              3
snp_dists           3
multiqc_run         1
snippy_core         1
gubbins             1
iqtree              1
phylo_report        1
all                 1
total              35

Select jobs to execute...
Execute 2 jobs...
[Thu May 28 12:45:18 2026]
localrule fastp:
    input: /srv/data/27-05-2026/3wous/3wous_R1.fastq.gz, /srv/data/27-05-2026/3wous/3wous_R2.fastq.gz
    output: /srv/phylo_results/bruker/phylo/test_ous_SNP/27-05-2026/3wous/Trimmed/R1.fastq.gz, /srv/phylo_results/bruker/phylo/test_ous_SNP/27-05-2026/3wous/Trimmed/R2.fastq.gz, /srv/phylo_results/bruker/phylo/test_ous_SNP/27-05-2026/3wous/QC/fastp.json, /srv/phylo_results/bruker/phylo/test_ous_SNP/27-05-2026/3wous/QC/fastp.html
    log: /srv/phylo_results/bruker/phylo/test_ous_SNP/27-05-2026/3wous/logs/fastp.log
    jobid: 7
    reason: Missing output files: /srv/phylo_results/bruker/phylo/test_ous_SNP/27-05-2026/3wous/Trimmed/R2.fastq.gz, /srv/phylo_results/bruker/phylo/test_ous_SNP/27-05-2026/3wous/Trimmed/R1.fastq.gz, /srv/phylo_results/bruker/phylo/test_ous_SNP/27-05-2026/3wous/QC/fastp.json
    wildcards: sample=27-05-2026/3wous
    threads: 8
    resources: tmpdir=/tmp
[Thu May 28 12:45:18 2026]
localrule fastp:
    input: /srv/data/27-05-2026/3yous/3yous_R1.fastq.gz, /srv/data/27-05-2026/3yous/3yous_R2.fastq.gz
    output: /srv/phylo_results/bruker/phylo/test_ous_SNP/27-05-2026/3yous/Trimmed/R1.fastq.gz, /srv/phylo_results/bruker/phylo/test_ous_SNP/27-05-2026/3yous/Trimmed/R2.fastq.gz, /srv/phylo_results/bruker/phylo/test_ous_SNP/27-05-2026/3yous/QC/fastp.json, /srv/phylo_results/bruker/phylo/test_ous_SNP/27-05-2026/3yous/QC/fastp.html
    log: /srv/phylo_results/bruker/phylo/test_ous_SNP/27-05-2026/3yous/logs/fastp.log
    jobid: 12
    reason: Missing output files: /srv/phylo_results/bruker/phylo/test_ous_SNP/27-05-2026/3yous/QC/fastp.json, /srv/phylo_results/bruker/phylo/test_ous_SNP/27-05-2026/3yous/Trimmed/R1.fastq.gz, /srv/phylo_results/bruker/phylo/test_ous_SNP/27-05-2026/3yous/Trimmed/R2.fastq.gz
    wildcards: sample=27-05-2026/3yous
    threads: 8
    resources: tmpdir=/tmp
Select jobs to execute...
[Thu May 28 12:45:21 2026]
Finished jobid: 12 (Rule: fastp)
1 of 35 steps (3%) done
Execute 1 jobs...
[Thu May 28 12:45:21 2026]
localrule assemble:
    input: /srv/phylo_results/bruker/phylo/test_ous_SNP/27-05-2026/3yous/Trimmed/R1.fastq.gz, /srv/phylo_results/bruker/phylo/test_ous_SNP/27-05-2026/3yous/Trimmed/R2.fastq.gz
    output: /srv/phylo_results/bruker/phylo/test_ous_SNP/27-05-2026/3yous/Assembly/contigs.fa
    log: /srv/phylo_results/bruker/phylo/test_ous_SNP/27-05-2026/3yous/logs/assemble.log
    jobid: 15
    reason: Missing output files: /srv/phylo_results/bruker/phylo/test_ous_SNP/27-05-2026/3yous/Assembly/contigs.fa; Input files updated by another job: /srv/phylo_results/bruker/phylo/test_ous_SNP/27-05-2026/3yous/Trimmed/R1.fastq.gz, /srv/phylo_results/bruker/phylo/test_ous_SNP/27-05-2026/3yous/Trimmed/R2.fastq.gz
    wildcards: sample=27-05-2026/3yous
    threads: 8
    resources: tmpdir=/tmp, mem_mb=12000, mem=12 GB, mem_mib=11445
[Thu May 28 12:45:22 2026]
Finished jobid: 7 (Rule: fastp)
2 of 35 steps (6%) done
Select jobs to execute...
Execute 1 jobs...
[Thu May 28 12:45:22 2026]
localrule fastp:
    input: /srv/data/27-05-2026/3xous/3xous_R1.fastq.gz, /srv/data/27-05-2026/3xous/3xous_R2.fastq.gz
    output: /srv/phylo_results/bruker/phylo/test_ous_SNP/27-05-2026/3xous/Trimmed/R1.fastq.gz, /srv/phylo_results/bruker/phylo/test_ous_SNP/27-05-2026/3xous/Trimmed/R2.fastq.gz, /srv/phylo_results/bruker/phylo/test_ous_SNP/27-05-2026/3xous/QC/fastp.json, /srv/phylo_results/bruker/phylo/test_ous_SNP/27-05-2026/3xous/QC/fastp.html
    log: /srv/phylo_results/bruker/phylo/test_ous_SNP/27-05-2026/3xous/logs/fastp.log
    jobid: 2
    reason: Missing output files: /srv/phylo_results/bruker/phylo/test_ous_SNP/27-05-2026/3xous/QC/fastp.json, /srv/phylo_results/bruker/phylo/test_ous_SNP/27-05-2026/3xous/Trimmed/R2.fastq.gz, /srv/phylo_results/bruker/phylo/test_ous_SNP/27-05-2026/3xous/Trimmed/R1.fastq.gz
    wildcards: sample=27-05-2026/3xous
    threads: 8
    resources: tmpdir=/tmp
Select jobs to execute...
[Thu May 28 12:45:25 2026]
Finished jobid: 2 (Rule: fastp)
3 of 35 steps (9%) done
Execute 1 jobs...
[Thu May 28 12:45:25 2026]
localrule assemble:
    input: /srv/phylo_results/bruker/phylo/test_ous_SNP/27-05-2026/3wous/Trimmed/R1.fastq.gz, /srv/phylo_results/bruker/phylo/test_ous_SNP/27-05-2026/3wous/Trimmed/R2.fastq.gz
    output: /srv/phylo_results/bruker/phylo/test_ous_SNP/27-05-2026/3wous/Assembly/contigs.fa
    log: /srv/phylo_results/bruker/phylo/test_ous_SNP/27-05-2026/3wous/logs/assemble.log
    jobid: 10
    reason: Missing output files: /srv/phylo_results/bruker/phylo/test_ous_SNP/27-05-2026/3wous/Assembly/contigs.fa; Input files updated by another job: /srv/phylo_results/bruker/phylo/test_ous_SNP/27-05-2026/3wous/Trimmed/R2.fastq.gz, /srv/phylo_results/bruker/phylo/test_ous_SNP/27-05-2026/3wous/Trimmed/R1.fastq.gz
    wildcards: sample=27-05-2026/3wous
    threads: 8
    resources: tmpdir=/tmp, mem_mb=12000, mem=12 GB, mem_mib=11445
Select jobs to execute...
[Thu May 28 12:47:58 2026]
Finished jobid: 15 (Rule: assemble)
4 of 35 steps (11%) done
Execute 1 jobs...
[Thu May 28 12:47:58 2026]
localrule assemble:
    input: /srv/phylo_results/bruker/phylo/test_ous_SNP/27-05-2026/3xous/Trimmed/R1.fastq.gz, /srv/phylo_results/bruker/phylo/test_ous_SNP/27-05-2026/3xous/Trimmed/R2.fastq.gz
    output: /srv/phylo_results/bruker/phylo/test_ous_SNP/27-05-2026/3xous/Assembly/contigs.fa
    log: /srv/phylo_results/bruker/phylo/test_ous_SNP/27-05-2026/3xous/logs/assemble.log
    jobid: 5
    reason: Missing output files: /srv/phylo_results/bruker/phylo/test_ous_SNP/27-05-2026/3xous/Assembly/contigs.fa; Input files updated by another job: /srv/phylo_results/bruker/phylo/test_ous_SNP/27-05-2026/3xous/Trimmed/R2.fastq.gz, /srv/phylo_results/bruker/phylo/test_ous_SNP/27-05-2026/3xous/Trimmed/R1.fastq.gz
    wildcards: sample=27-05-2026/3xous
    threads: 8
    resources: tmpdir=/tmp, mem_mb=12000, mem=12 GB, mem_mib=11445
Select jobs to execute...
[Thu May 28 12:48:31 2026]
Finished jobid: 10 (Rule: assemble)
5 of 35 steps (14%) done
Execute 1 jobs...
[Thu May 28 12:48:31 2026]
localrule checkm:
    input: /srv/phylo_results/bruker/phylo/test_ous_SNP/27-05-2026/3yous/Assembly/contigs.fa
    output: /srv/phylo_results/bruker/phylo/test_ous_SNP/27-05-2026/3yous/CheckM/quality.tsv
    log: /srv/phylo_results/bruker/phylo/test_ous_SNP/27-05-2026/3yous/logs/checkm.log
    jobid: 21
    reason: Missing output files: /srv/phylo_results/bruker/phylo/test_ous_SNP/27-05-2026/3yous/CheckM/quality.tsv; Input files updated by another job: /srv/phylo_results/bruker/phylo/test_ous_SNP/27-05-2026/3yous/Assembly/contigs.fa
    wildcards: sample=27-05-2026/3yous
    threads: 8
    resources: tmpdir=/tmp, mem_mb=22000, mem=22 GB, mem_mib=20981
Select jobs to execute...
[Thu May 28 12:50:05 2026]
Finished jobid: 21 (Rule: checkm)
6 of 35 steps (17%) done
Execute 1 jobs...
[Thu May 28 12:50:05 2026]
localrule skani:
    input: /srv/phylo_results/bruker/phylo/test_ous_SNP/27-05-2026/3wous/Assembly/contigs.fa
    output: /srv/phylo_results/bruker/phylo/test_ous_SNP/27-05-2026/3wous/ID_Skani/skani.tsv, /srv/phylo_results/bruker/phylo/test_ous_SNP/27-05-2026/3wous/ID_Skani/species.txt
    log: /srv/phylo_results/bruker/phylo/test_ous_SNP/27-05-2026/3wous/logs/skani.log
    jobid: 17
    reason: Missing output files: /srv/phylo_results/bruker/phylo/test_ous_SNP/27-05-2026/3wous/ID_Skani/species.txt; Input files updated by another job: /srv/phylo_results/bruker/phylo/test_ous_SNP/27-05-2026/3wous/Assembly/contigs.fa
    wildcards: sample=27-05-2026/3wous
    threads: 8
    resources: tmpdir=/tmp
Select jobs to execute...
[Thu May 28 12:50:05 2026]
Finished jobid: 17 (Rule: skani)
7 of 35 steps (20%) done
Execute 1 jobs...
[Thu May 28 12:50:05 2026]
localrule quast:
    input: /srv/phylo_results/bruker/phylo/test_ous_SNP/27-05-2026/3yous/Assembly/contigs.fa
    output: /srv/phylo_results/bruker/phylo/test_ous_SNP/27-05-2026/3yous/QUAST/report.html
    log: /srv/phylo_results/bruker/phylo/test_ous_SNP/27-05-2026/3yous/logs/quast.log
    jobid: 14
    reason: Missing output files: /srv/phylo_results/bruker/phylo/test_ous_SNP/27-05-2026/3yous/QUAST/report.html; Input files updated by another job: /srv/phylo_results/bruker/phylo/test_ous_SNP/27-05-2026/3yous/Assembly/contigs.fa
    wildcards: sample=27-05-2026/3yous
    threads: 8
    resources: tmpdir=/tmp
Select jobs to execute...
[Thu May 28 12:50:07 2026]
Finished jobid: 14 (Rule: quast)
8 of 35 steps (23%) done
Execute 1 jobs...
[Thu May 28 12:50:07 2026]
localrule skani:
    input: /srv/phylo_results/bruker/phylo/test_ous_SNP/27-05-2026/3yous/Assembly/contigs.fa
    output: /srv/phylo_results/bruker/phylo/test_ous_SNP/27-05-2026/3yous/ID_Skani/skani.tsv, /srv/phylo_results/bruker/phylo/test_ous_SNP/27-05-2026/3yous/ID_Skani/species.txt
    log: /srv/phylo_results/bruker/phylo/test_ous_SNP/27-05-2026/3yous/logs/skani.log
    jobid: 18
    reason: Missing output files: /srv/phylo_results/bruker/phylo/test_ous_SNP/27-05-2026/3yous/ID_Skani/species.txt; Input files updated by another job: /srv/phylo_results/bruker/phylo/test_ous_SNP/27-05-2026/3yous/Assembly/contigs.fa
    wildcards: sample=27-05-2026/3yous
    threads: 8
    resources: tmpdir=/tmp
Select jobs to execute...
[Thu May 28 12:50:08 2026]
Finished jobid: 18 (Rule: skani)
9 of 35 steps (26%) done
Execute 1 jobs...
[Thu May 28 12:50:08 2026]
localrule checkm:
    input: /srv/phylo_results/bruker/phylo/test_ous_SNP/27-05-2026/3wous/Assembly/contigs.fa
    output: /srv/phylo_results/bruker/phylo/test_ous_SNP/27-05-2026/3wous/CheckM/quality.tsv
    log: /srv/phylo_results/bruker/phylo/test_ous_SNP/27-05-2026/3wous/logs/checkm.log
    jobid: 20
    reason: Missing output files: /srv/phylo_results/bruker/phylo/test_ous_SNP/27-05-2026/3wous/CheckM/quality.tsv; Input files updated by another job: /srv/phylo_results/bruker/phylo/test_ous_SNP/27-05-2026/3wous/Assembly/contigs.fa
    wildcards: sample=27-05-2026/3wous
    threads: 8
    resources: tmpdir=/tmp, mem_mb=22000, mem=22 GB, mem_mib=20981
Select jobs to execute...
[Thu May 28 12:50:10 2026]
Finished jobid: 5 (Rule: assemble)
10 of 35 steps (29%) done
Execute 1 jobs...
[Thu May 28 12:50:10 2026]
localrule parsnp:
    input: /srv/phylo_results/bruker/phylo/test_ous_SNP/27-05-2026/3xous/Assembly/contigs.fa, /srv/phylo_results/bruker/phylo/test_ous_SNP/27-05-2026/3wous/Assembly/contigs.fa, /srv/phylo_results/bruker/phylo/test_ous_SNP/27-05-2026/3yous/Assembly/contigs.fa
    output: /srv/phylo_results/bruker/phylo/test_ous_SNP/Parsnp/parsnp.tree, /srv/phylo_results/bruker/phylo/test_ous_SNP/Parsnp/parsnp.ggr, /srv/phylo_results/bruker/phylo/test_ous_SNP/Parsnp/parsnp.vcf, /srv/phylo_results/bruker/phylo/test_ous_SNP/Parsnp/parsnp.snps.fasta
    log: /srv/phylo_results/bruker/phylo/test_ous_SNP/logs/parsnp.log
    jobid: 31
    reason: Missing output files: /srv/phylo_results/bruker/phylo/test_ous_SNP/Parsnp/parsnp.snps.fasta, /srv/phylo_results/bruker/phylo/test_ous_SNP/Parsnp/parsnp.vcf, /srv/phylo_results/bruker/phylo/test_ous_SNP/Parsnp/parsnp.tree; Input files updated by another job: /srv/phylo_results/bruker/phylo/test_ous_SNP/27-05-2026/3wous/Assembly/contigs.fa, /srv/phylo_results/bruker/phylo/test_ous_SNP/27-05-2026/3xous/Assembly/contigs.fa, /srv/phylo_results/bruker/phylo/test_ous_SNP/27-05-2026/3yous/Assembly/contigs.fa; Set of input files has changed since last execution
    threads: 8
    resources: tmpdir=/tmp
Select jobs to execute...
[Thu May 28 12:50:21 2026]
Finished jobid: 31 (Rule: parsnp)
11 of 35 steps (31%) done
Execute 1 jobs...
[Thu May 28 12:50:21 2026]
localrule skani:
    input: /srv/phylo_results/bruker/phylo/test_ous_SNP/27-05-2026/3xous/Assembly/contigs.fa
    output: /srv/phylo_results/bruker/phylo/test_ous_SNP/27-05-2026/3xous/ID_Skani/skani.tsv, /srv/phylo_results/bruker/phylo/test_ous_SNP/27-05-2026/3xous/ID_Skani/species.txt
    log: /srv/phylo_results/bruker/phylo/test_ous_SNP/27-05-2026/3xous/logs/skani.log
    jobid: 16
    reason: Missing output files: /srv/phylo_results/bruker/phylo/test_ous_SNP/27-05-2026/3xous/ID_Skani/species.txt; Input files updated by another job: /srv/phylo_results/bruker/phylo/test_ous_SNP/27-05-2026/3xous/Assembly/contigs.fa
    wildcards: sample=27-05-2026/3xous
    threads: 8
    resources: tmpdir=/tmp
Select jobs to execute...
[Thu May 28 12:50:21 2026]
Finished jobid: 16 (Rule: skani)
12 of 35 steps (34%) done
Execute 1 jobs...
[Thu May 28 12:50:21 2026]
localrule prokka:
    input: /srv/phylo_results/bruker/phylo/test_ous_SNP/27-05-2026/3xous/Assembly/contigs.fa
    output: /srv/phylo_results/bruker/phylo/test_ous_SNP/27-05-2026/3xous/Prokka/reference.gbk
    log: /srv/phylo_results/bruker/phylo/test_ous_SNP/27-05-2026/3xous/logs/prokka.log
    jobid: 25
    reason: Missing output files: /srv/phylo_results/bruker/phylo/test_ous_SNP/27-05-2026/3xous/Prokka/reference.gbk; Input files updated by another job: /srv/phylo_results/bruker/phylo/test_ous_SNP/27-05-2026/3xous/Assembly/contigs.fa
    wildcards: sample=27-05-2026/3xous
    threads: 8
    resources: tmpdir=/tmp
Select jobs to execute...
[Thu May 28 12:51:21 2026]
Finished jobid: 25 (Rule: prokka)
13 of 35 steps (37%) done
Execute 1 jobs...
[Thu May 28 12:51:21 2026]
localrule quast:
    input: /srv/phylo_results/bruker/phylo/test_ous_SNP/27-05-2026/3xous/Assembly/contigs.fa
    output: /srv/phylo_results/bruker/phylo/test_ous_SNP/27-05-2026/3xous/QUAST/report.html
    log: /srv/phylo_results/bruker/phylo/test_ous_SNP/27-05-2026/3xous/logs/quast.log
    jobid: 4
    reason: Missing output files: /srv/phylo_results/bruker/phylo/test_ous_SNP/27-05-2026/3xous/QUAST/report.html; Input files updated by another job: /srv/phylo_results/bruker/phylo/test_ous_SNP/27-05-2026/3xous/Assembly/contigs.fa
    wildcards: sample=27-05-2026/3xous
    threads: 8
    resources: tmpdir=/tmp
Select jobs to execute...
[Thu May 28 12:51:22 2026]
Finished jobid: 4 (Rule: quast)
14 of 35 steps (40%) done
Execute 1 jobs...
[Thu May 28 12:51:22 2026]
localrule snippy:
    input: /srv/phylo_results/bruker/phylo/test_ous_SNP/27-05-2026/3wous/Trimmed/R1.fastq.gz, /srv/phylo_results/bruker/phylo/test_ous_SNP/27-05-2026/3wous/Trimmed/R2.fastq.gz, /srv/phylo_results/bruker/phylo/test_ous_SNP/27-05-2026/3xous/Prokka/reference.gbk
    output: /srv/phylo_results/bruker/phylo/test_ous_SNP/Snippy/27-05-2026/3wous/snps.vcf
    log: /srv/phylo_results/bruker/phylo/test_ous_SNP/27-05-2026/3wous/logs/snippy.log
    jobid: 26
    reason: Missing output files: /srv/phylo_results/bruker/phylo/test_ous_SNP/Snippy/27-05-2026/3wous/snps.vcf; Input files updated by another job: /srv/phylo_results/bruker/phylo/test_ous_SNP/27-05-2026/3xous/Prokka/reference.gbk, /srv/phylo_results/bruker/phylo/test_ous_SNP/27-05-2026/3wous/Trimmed/R2.fastq.gz, /srv/phylo_results/bruker/phylo/test_ous_SNP/27-05-2026/3wous/Trimmed/R1.fastq.gz
    wildcards: sample=27-05-2026/3wous
    threads: 8
    resources: tmpdir=/tmp
Select jobs to execute...
[Thu May 28 12:51:51 2026]
Finished jobid: 20 (Rule: checkm)
15 of 35 steps (43%) done
Execute 1 jobs...
[Thu May 28 12:51:51 2026]
localrule checkm:
    input: /srv/phylo_results/bruker/phylo/test_ous_SNP/27-05-2026/3xous/Assembly/contigs.fa
    output: /srv/phylo_results/bruker/phylo/test_ous_SNP/27-05-2026/3xous/CheckM/quality.tsv
    log: /srv/phylo_results/bruker/phylo/test_ous_SNP/27-05-2026/3xous/logs/checkm.log
    jobid: 19
    reason: Missing output files: /srv/phylo_results/bruker/phylo/test_ous_SNP/27-05-2026/3xous/CheckM/quality.tsv; Input files updated by another job: /srv/phylo_results/bruker/phylo/test_ous_SNP/27-05-2026/3xous/Assembly/contigs.fa
    wildcards: sample=27-05-2026/3xous
    threads: 8
    resources: tmpdir=/tmp, mem_mb=22000, mem=22 GB, mem_mib=20981
Select jobs to execute...
[Thu May 28 12:51:54 2026]
Finished jobid: 26 (Rule: snippy)
16 of 35 steps (46%) done
Execute 1 jobs...
[Thu May 28 12:51:54 2026]
localrule snippy:
    input: /srv/phylo_results/bruker/phylo/test_ous_SNP/27-05-2026/3yous/Trimmed/R1.fastq.gz, /srv/phylo_results/bruker/phylo/test_ous_SNP/27-05-2026/3yous/Trimmed/R2.fastq.gz, /srv/phylo_results/bruker/phylo/test_ous_SNP/27-05-2026/3xous/Prokka/reference.gbk
    output: /srv/phylo_results/bruker/phylo/test_ous_SNP/Snippy/27-05-2026/3yous/snps.vcf
    log: /srv/phylo_results/bruker/phylo/test_ous_SNP/27-05-2026/3yous/logs/snippy.log
    jobid: 27
    reason: Missing output files: /srv/phylo_results/bruker/phylo/test_ous_SNP/Snippy/27-05-2026/3yous/snps.vcf; Input files updated by another job: /srv/phylo_results/bruker/phylo/test_ous_SNP/27-05-2026/3xous/Prokka/reference.gbk, /srv/phylo_results/bruker/phylo/test_ous_SNP/27-05-2026/3yous/Trimmed/R1.fastq.gz, /srv/phylo_results/bruker/phylo/test_ous_SNP/27-05-2026/3yous/Trimmed/R2.fastq.gz
    wildcards: sample=27-05-2026/3yous
    threads: 8
    resources: tmpdir=/tmp
Select jobs to execute...
[Thu May 28 12:52:39 2026]
Finished jobid: 27 (Rule: snippy)
17 of 35 steps (49%) done
Execute 1 jobs...
[Thu May 28 12:52:39 2026]
localrule snippy:
    input: /srv/phylo_results/bruker/phylo/test_ous_SNP/27-05-2026/3xous/Trimmed/R1.fastq.gz, /srv/phylo_results/bruker/phylo/test_ous_SNP/27-05-2026/3xous/Trimmed/R2.fastq.gz, /srv/phylo_results/bruker/phylo/test_ous_SNP/27-05-2026/3xous/Prokka/reference.gbk
    output: /srv/phylo_results/bruker/phylo/test_ous_SNP/Snippy/27-05-2026/3xous/snps.vcf
    log: /srv/phylo_results/bruker/phylo/test_ous_SNP/27-05-2026/3xous/logs/snippy.log
    jobid: 24
    reason: Missing output files: /srv/phylo_results/bruker/phylo/test_ous_SNP/Snippy/27-05-2026/3xous/snps.vcf; Input files updated by another job: /srv/phylo_results/bruker/phylo/test_ous_SNP/27-05-2026/3xous/Prokka/reference.gbk, /srv/phylo_results/bruker/phylo/test_ous_SNP/27-05-2026/3xous/Trimmed/R2.fastq.gz, /srv/phylo_results/bruker/phylo/test_ous_SNP/27-05-2026/3xous/Trimmed/R1.fastq.gz
    wildcards: sample=27-05-2026/3xous
    threads: 8
    resources: tmpdir=/tmp
Select jobs to execute...
[Thu May 28 12:53:03 2026]
Finished jobid: 24 (Rule: snippy)
18 of 35 steps (51%) done
Execute 1 jobs...
[Thu May 28 12:53:03 2026]
localrule quast:
    input: /srv/phylo_results/bruker/phylo/test_ous_SNP/27-05-2026/3wous/Assembly/contigs.fa
    output: /srv/phylo_results/bruker/phylo/test_ous_SNP/27-05-2026/3wous/QUAST/report.html
    log: /srv/phylo_results/bruker/phylo/test_ous_SNP/27-05-2026/3wous/logs/quast.log
    jobid: 9
    reason: Missing output files: /srv/phylo_results/bruker/phylo/test_ous_SNP/27-05-2026/3wous/QUAST/report.html; Input files updated by another job: /srv/phylo_results/bruker/phylo/test_ous_SNP/27-05-2026/3wous/Assembly/contigs.fa
    wildcards: sample=27-05-2026/3wous
    threads: 8
    resources: tmpdir=/tmp
Select jobs to execute...
[Thu May 28 12:53:05 2026]
Finished jobid: 9 (Rule: quast)
19 of 35 steps (54%) done
Execute 5 jobs...
[Thu May 28 12:53:05 2026]
localrule fastqc:
    input: /srv/phylo_results/bruker/phylo/test_ous_SNP/27-05-2026/3xous/Trimmed/R1.fastq.gz, /srv/phylo_results/bruker/phylo/test_ous_SNP/27-05-2026/3xous/Trimmed/R2.fastq.gz
    output: /srv/phylo_results/bruker/phylo/test_ous_SNP/27-05-2026/3xous/QC/fastqc/R1_fastqc.html, /srv/phylo_results/bruker/phylo/test_ous_SNP/27-05-2026/3xous/QC/fastqc/R2_fastqc.html
    log: /srv/phylo_results/bruker/phylo/test_ous_SNP/27-05-2026/3xous/logs/fastqc.log
    jobid: 3
    reason: Missing output files: /srv/phylo_results/bruker/phylo/test_ous_SNP/27-05-2026/3xous/QC/fastqc/R1_fastqc.html; Input files updated by another job: /srv/phylo_results/bruker/phylo/test_ous_SNP/27-05-2026/3xous/Trimmed/R2.fastq.gz, /srv/phylo_results/bruker/phylo/test_ous_SNP/27-05-2026/3xous/Trimmed/R1.fastq.gz
    wildcards: sample=27-05-2026/3xous
    threads: 2
    resources: tmpdir=/tmp
[Thu May 28 12:53:05 2026]
localrule fastqc:
    input: /srv/phylo_results/bruker/phylo/test_ous_SNP/27-05-2026/3wous/Trimmed/R1.fastq.gz, /srv/phylo_results/bruker/phylo/test_ous_SNP/27-05-2026/3wous/Trimmed/R2.fastq.gz
    output: /srv/phylo_results/bruker/phylo/test_ous_SNP/27-05-2026/3wous/QC/fastqc/R1_fastqc.html, /srv/phylo_results/bruker/phylo/test_ous_SNP/27-05-2026/3wous/QC/fastqc/R2_fastqc.html
    log: /srv/phylo_results/bruker/phylo/test_ous_SNP/27-05-2026/3wous/logs/fastqc.log
    jobid: 8
    reason: Missing output files: /srv/phylo_results/bruker/phylo/test_ous_SNP/27-05-2026/3wous/QC/fastqc/R1_fastqc.html; Input files updated by another job: /srv/phylo_results/bruker/phylo/test_ous_SNP/27-05-2026/3wous/Trimmed/R2.fastq.gz, /srv/phylo_results/bruker/phylo/test_ous_SNP/27-05-2026/3wous/Trimmed/R1.fastq.gz
    wildcards: sample=27-05-2026/3wous
    threads: 2
    resources: tmpdir=/tmp
[Thu May 28 12:53:05 2026]
localrule snp_dists:
    input: /srv/phylo_results/bruker/phylo/test_ous_SNP/Parsnp/parsnp.snps.fasta
    output: /srv/phylo_results/bruker/phylo/test_ous_SNP/SNP_Dists/snp_dists_parsnp.tsv
    log: /srv/phylo_results/bruker/phylo/test_ous_SNP/logs/snp_dists_parsnp.log
    jobid: 30
    reason: Missing output files: /srv/phylo_results/bruker/phylo/test_ous_SNP/SNP_Dists/snp_dists_parsnp.tsv; Input files updated by another job: /srv/phylo_results/bruker/phylo/test_ous_SNP/Parsnp/parsnp.snps.fasta
    wildcards: suffix=_parsnp
    resources: tmpdir=/tmp
[Thu May 28 12:53:05 2026]
localrule fastqc:
    input: /srv/phylo_results/bruker/phylo/test_ous_SNP/27-05-2026/3yous/Trimmed/R1.fastq.gz, /srv/phylo_results/bruker/phylo/test_ous_SNP/27-05-2026/3yous/Trimmed/R2.fastq.gz
    output: /srv/phylo_results/bruker/phylo/test_ous_SNP/27-05-2026/3yous/QC/fastqc/R1_fastqc.html, /srv/phylo_results/bruker/phylo/test_ous_SNP/27-05-2026/3yous/QC/fastqc/R2_fastqc.html
    log: /srv/phylo_results/bruker/phylo/test_ous_SNP/27-05-2026/3yous/logs/fastqc.log
    jobid: 13
    reason: Missing output files: /srv/phylo_results/bruker/phylo/test_ous_SNP/27-05-2026/3yous/QC/fastqc/R1_fastqc.html; Input files updated by another job: /srv/phylo_results/bruker/phylo/test_ous_SNP/27-05-2026/3yous/Trimmed/R1.fastq.gz, /srv/phylo_results/bruker/phylo/test_ous_SNP/27-05-2026/3yous/Trimmed/R2.fastq.gz
    wildcards: sample=27-05-2026/3yous
    threads: 2
    resources: tmpdir=/tmp
[Thu May 28 12:53:05 2026]
localrule snippy_core:
    input: /srv/phylo_results/bruker/phylo/test_ous_SNP/Snippy/27-05-2026/3xous/snps.vcf, /srv/phylo_results/bruker/phylo/test_ous_SNP/Snippy/27-05-2026/3wous/snps.vcf, /srv/phylo_results/bruker/phylo/test_ous_SNP/Snippy/27-05-2026/3yous/snps.vcf, /srv/phylo_results/bruker/phylo/test_ous_SNP/27-05-2026/3xous/Prokka/reference.gbk
    output: /srv/phylo_results/bruker/phylo/test_ous_SNP/Core/core.full.aln, /srv/phylo_results/bruker/phylo/test_ous_SNP/Core/core.txt, /srv/phylo_results/bruker/phylo/test_ous_SNP/Core/core.tab
    log: /srv/phylo_results/bruker/phylo/test_ous_SNP/logs/snippy_core.log
    jobid: 23
    reason: Missing output files: /srv/phylo_results/bruker/phylo/test_ous_SNP/Core/core.txt, /srv/phylo_results/bruker/phylo/test_ous_SNP/Core/core.full.aln, /srv/phylo_results/bruker/phylo/test_ous_SNP/Core/core.tab; Input files updated by another job: /srv/phylo_results/bruker/phylo/test_ous_SNP/Snippy/27-05-2026/3yous/snps.vcf, /srv/phylo_results/bruker/phylo/test_ous_SNP/Snippy/27-05-2026/3wous/snps.vcf, /srv/phylo_results/bruker/phylo/test_ous_SNP/27-05-2026/3xous/Prokka/reference.gbk, /srv/phylo_results/bruker/phylo/test_ous_SNP/Snippy/27-05-2026/3xous/snps.vcf; Set of input files has changed since last execution
    resources: tmpdir=/tmp
[Thu May 28 12:53:05 2026]
Finished jobid: 30 (Rule: snp_dists)
20 of 35 steps (57%) done
[Thu May 28 12:53:06 2026]
Finished jobid: 23 (Rule: snippy_core)
21 of 35 steps (60%) done
Select jobs to execute...
Execute 1 jobs...
[Thu May 28 12:53:06 2026]
localrule snp_dists:
    input: /srv/phylo_results/bruker/phylo/test_ous_SNP/Core/core.full.aln
    output: /srv/phylo_results/bruker/phylo/test_ous_SNP/SNP_Dists/snp_dists.tsv
    log: /srv/phylo_results/bruker/phylo/test_ous_SNP/logs/snp_dists.log
    jobid: 22
    reason: Missing output files: /srv/phylo_results/bruker/phylo/test_ous_SNP/SNP_Dists/snp_dists.tsv; Input files updated by another job: /srv/phylo_results/bruker/phylo/test_ous_SNP/Core/core.full.aln
    wildcards: suffix=
    resources: tmpdir=/tmp
[Thu May 28 12:53:07 2026]
Finished jobid: 22 (Rule: snp_dists)
22 of 35 steps (63%) done
Select jobs to execute...
[Thu May 28 12:53:11 2026]
Finished jobid: 13 (Rule: fastqc)
23 of 35 steps (66%) done
Execute 1 jobs...
[Thu May 28 12:53:11 2026]
localrule multiqc:
    input: /srv/phylo_results/bruker/phylo/test_ous_SNP/27-05-2026/3yous/QC/fastp.json, /srv/phylo_results/bruker/phylo/test_ous_SNP/27-05-2026/3yous/QC/fastqc/R1_fastqc.html, /srv/phylo_results/bruker/phylo/test_ous_SNP/27-05-2026/3yous/QUAST/report.html
    output: /srv/phylo_results/bruker/phylo/test_ous_SNP/27-05-2026/3yous/MultiQC/multiqc_report.html
    log: /srv/phylo_results/bruker/phylo/test_ous_SNP/27-05-2026/3yous/logs/multiqc.log
    jobid: 11
    reason: Missing output files: /srv/phylo_results/bruker/phylo/test_ous_SNP/27-05-2026/3yous/MultiQC/multiqc_report.html; Input files updated by another job: /srv/phylo_results/bruker/phylo/test_ous_SNP/27-05-2026/3yous/QC/fastp.json, /srv/phylo_results/bruker/phylo/test_ous_SNP/27-05-2026/3yous/QC/fastqc/R1_fastqc.html, /srv/phylo_results/bruker/phylo/test_ous_SNP/27-05-2026/3yous/QUAST/report.html
    wildcards: sample=27-05-2026/3yous
    resources: tmpdir=/tmp
Select jobs to execute...
[Thu May 28 12:53:12 2026]
Finished jobid: 8 (Rule: fastqc)
24 of 35 steps (69%) done
Execute 1 jobs...
[Thu May 28 12:53:12 2026]
localrule multiqc:
    input: /srv/phylo_results/bruker/phylo/test_ous_SNP/27-05-2026/3wous/QC/fastp.json, /srv/phylo_results/bruker/phylo/test_ous_SNP/27-05-2026/3wous/QC/fastqc/R1_fastqc.html, /srv/phylo_results/bruker/phylo/test_ous_SNP/27-05-2026/3wous/QUAST/report.html
    output: /srv/phylo_results/bruker/phylo/test_ous_SNP/27-05-2026/3wous/MultiQC/multiqc_report.html
    log: /srv/phylo_results/bruker/phylo/test_ous_SNP/27-05-2026/3wous/logs/multiqc.log
    jobid: 6
    reason: Missing output files: /srv/phylo_results/bruker/phylo/test_ous_SNP/27-05-2026/3wous/MultiQC/multiqc_report.html; Input files updated by another job: /srv/phylo_results/bruker/phylo/test_ous_SNP/27-05-2026/3wous/QUAST/report.html, /srv/phylo_results/bruker/phylo/test_ous_SNP/27-05-2026/3wous/QC/fastqc/R1_fastqc.html, /srv/phylo_results/bruker/phylo/test_ous_SNP/27-05-2026/3wous/QC/fastp.json
    wildcards: sample=27-05-2026/3wous
    resources: tmpdir=/tmp
[Thu May 28 12:53:12 2026]
Finished jobid: 3 (Rule: fastqc)
25 of 35 steps (71%) done
Select jobs to execute...
Execute 1 jobs...
[Thu May 28 12:53:12 2026]
localrule multiqc:
    input: /srv/phylo_results/bruker/phylo/test_ous_SNP/27-05-2026/3xous/QC/fastp.json, /srv/phylo_results/bruker/phylo/test_ous_SNP/27-05-2026/3xous/QC/fastqc/R1_fastqc.html, /srv/phylo_results/bruker/phylo/test_ous_SNP/27-05-2026/3xous/QUAST/report.html
    output: /srv/phylo_results/bruker/phylo/test_ous_SNP/27-05-2026/3xous/MultiQC/multiqc_report.html
    log: /srv/phylo_results/bruker/phylo/test_ous_SNP/27-05-2026/3xous/logs/multiqc.log
    jobid: 1
    reason: Missing output files: /srv/phylo_results/bruker/phylo/test_ous_SNP/27-05-2026/3xous/MultiQC/multiqc_report.html; Input files updated by another job: /srv/phylo_results/bruker/phylo/test_ous_SNP/27-05-2026/3xous/QUAST/report.html, /srv/phylo_results/bruker/phylo/test_ous_SNP/27-05-2026/3xous/QC/fastp.json, /srv/phylo_results/bruker/phylo/test_ous_SNP/27-05-2026/3xous/QC/fastqc/R1_fastqc.html
    wildcards: sample=27-05-2026/3xous
    resources: tmpdir=/tmp
Select jobs to execute...
[Thu May 28 12:53:13 2026]
Finished jobid: 11 (Rule: multiqc)
26 of 35 steps (74%) done
[Thu May 28 12:53:14 2026]
Finished jobid: 6 (Rule: multiqc)
27 of 35 steps (77%) done
[Thu May 28 12:53:14 2026]
Finished jobid: 1 (Rule: multiqc)
28 of 35 steps (80%) done
Execute 1 jobs...
[Thu May 28 12:53:14 2026]
localrule gubbins:
    input: /srv/phylo_results/bruker/phylo/test_ous_SNP/Core/core.full.aln
    output: /srv/phylo_results/bruker/phylo/test_ous_SNP/Gubbins/gubbins.filtered_polymorphic_sites.fasta, /srv/phylo_results/bruker/phylo/test_ous_SNP/Gubbins/gubbins.node_labelled.final_tree.tre, /srv/phylo_results/bruker/phylo/test_ous_SNP/Gubbins/gubbins.recombination_predictions.gff
    log: /srv/phylo_results/bruker/phylo/test_ous_SNP/logs/gubbins.log
    jobid: 29
    reason: Missing output files: /srv/phylo_results/bruker/phylo/test_ous_SNP/Gubbins/gubbins.filtered_polymorphic_sites.fasta, /srv/phylo_results/bruker/phylo/test_ous_SNP/Gubbins/gubbins.recombination_predictions.gff; Input files updated by another job: /srv/phylo_results/bruker/phylo/test_ous_SNP/Core/core.full.aln
    threads: 8
    resources: tmpdir=/tmp
Select jobs to execute...
[Thu May 28 12:53:33 2026]
Finished jobid: 19 (Rule: checkm)
29 of 35 steps (83%) done
Execute 1 jobs...
[Thu May 28 12:53:33 2026]
localrule multiqc_run:
    input: /srv/phylo_results/bruker/phylo/test_ous_SNP/27-05-2026/3xous/MultiQC/multiqc_report.html, /srv/phylo_results/bruker/phylo/test_ous_SNP/27-05-2026/3wous/MultiQC/multiqc_report.html, /srv/phylo_results/bruker/phylo/test_ous_SNP/27-05-2026/3yous/MultiQC/multiqc_report.html
    output: /srv/phylo_results/bruker/phylo/test_ous_SNP/MultiQC_run/multiqc_report.html
    log: /srv/phylo_results/bruker/phylo/test_ous_SNP/logs/multiqc_run.log
    jobid: 33
    reason: Missing output files: /srv/phylo_results/bruker/phylo/test_ous_SNP/MultiQC_run/multiqc_report.html; Input files updated by another job: /srv/phylo_results/bruker/phylo/test_ous_SNP/27-05-2026/3wous/MultiQC/multiqc_report.html, /srv/phylo_results/bruker/phylo/test_ous_SNP/27-05-2026/3xous/MultiQC/multiqc_report.html, /srv/phylo_results/bruker/phylo/test_ous_SNP/27-05-2026/3yous/MultiQC/multiqc_report.html; Set of input files has changed since last execution
    resources: tmpdir=/tmp
[Thu May 28 12:53:37 2026]
Finished jobid: 33 (Rule: multiqc_run)
30 of 35 steps (86%) done
[Thu May 28 12:53:53 2026]
Finished jobid: 29 (Rule: gubbins)
31 of 35 steps (89%) done
Select jobs to execute...
Execute 2 jobs...
[Thu May 28 12:53:53 2026]
localrule snp_dists:
    input: /srv/phylo_results/bruker/phylo/test_ous_SNP/Gubbins/gubbins.filtered_polymorphic_sites.fasta
    output: /srv/phylo_results/bruker/phylo/test_ous_SNP/SNP_Dists/snp_dists_gubbins.tsv
    log: /srv/phylo_results/bruker/phylo/test_ous_SNP/logs/snp_dists_gubbins.log
    jobid: 28
    reason: Missing output files: /srv/phylo_results/bruker/phylo/test_ous_SNP/SNP_Dists/snp_dists_gubbins.tsv; Input files updated by another job: /srv/phylo_results/bruker/phylo/test_ous_SNP/Gubbins/gubbins.filtered_polymorphic_sites.fasta
    wildcards: suffix=_gubbins
    resources: tmpdir=/tmp
[Thu May 28 12:53:53 2026]
localrule iqtree:
    input: /srv/phylo_results/bruker/phylo/test_ous_SNP/Gubbins/gubbins.filtered_polymorphic_sites.fasta
    output: /srv/phylo_results/bruker/phylo/test_ous_SNP/IQtree/iqtree.treefile
    log: /srv/phylo_results/bruker/phylo/test_ous_SNP/logs/iqtree.log
    jobid: 32
    reason: Missing output files: /srv/phylo_results/bruker/phylo/test_ous_SNP/IQtree/iqtree.treefile; Input files updated by another job: /srv/phylo_results/bruker/phylo/test_ous_SNP/Gubbins/gubbins.filtered_polymorphic_sites.fasta
    threads: 8
    resources: tmpdir=/tmp
[Thu May 28 12:53:53 2026]
Finished jobid: 28 (Rule: snp_dists)
32 of 35 steps (91%) done
[Thu May 28 12:53:55 2026]
Finished jobid: 32 (Rule: iqtree)
33 of 35 steps (94%) done
Select jobs to execute...
Execute 1 jobs...
[Thu May 28 12:53:55 2026]
localrule phylo_report:
    input: /srv/phylo_results/bruker/phylo/test_ous_SNP/SNP_Dists/snp_dists.tsv, /srv/phylo_results/bruker/phylo/test_ous_SNP/SNP_Dists/snp_dists_gubbins.tsv, /srv/phylo_results/bruker/phylo/test_ous_SNP/SNP_Dists/snp_dists_parsnp.tsv, /srv/phylo_results/bruker/phylo/test_ous_SNP/IQtree/iqtree.treefile, /srv/phylo_results/bruker/phylo/test_ous_SNP/Core/core.txt, /srv/phylo_results/bruker/phylo/test_ous_SNP/Core/core.tab, /srv/phylo_results/bruker/phylo/test_ous_SNP/Gubbins/gubbins.filtered_polymorphic_sites.fasta, /srv/phylo_results/bruker/phylo/test_ous_SNP/Gubbins/gubbins.recombination_predictions.gff, /srv/phylo_results/bruker/phylo/test_ous_SNP/Parsnp/parsnp.tree, /srv/phylo_results/bruker/phylo/test_ous_SNP/Parsnp/parsnp.vcf, /srv/phylo_results/bruker/phylo/test_ous_SNP/27-05-2026/3xous/ID_Skani/species.txt, /srv/phylo_results/bruker/phylo/test_ous_SNP/27-05-2026/3wous/ID_Skani/species.txt, /srv/phylo_results/bruker/phylo/test_ous_SNP/27-05-2026/3yous/ID_Skani/species.txt, /srv/phylo_results/bruker/phylo/test_ous_SNP/27-05-2026/3xous/QUAST/report.html, /srv/phylo_results/bruker/phylo/test_ous_SNP/27-05-2026/3wous/QUAST/report.html, /srv/phylo_results/bruker/phylo/test_ous_SNP/27-05-2026/3yous/QUAST/report.html
    output: /srv/phylo_results/bruker/phylo/test_ous_SNP/phylo_report.html
    log: /srv/phylo_results/bruker/phylo/test_ous_SNP/logs/phylo_report.log
    jobid: 34
    reason: Missing output files: /srv/phylo_results/bruker/phylo/test_ous_SNP/phylo_report.html; Input files updated by another job: /srv/phylo_results/bruker/phylo/test_ous_SNP/Core/core.txt, /srv/phylo_results/bruker/phylo/test_ous_SNP/Gubbins/gubbins.filtered_polymorphic_sites.fasta, /srv/phylo_results/bruker/phylo/test_ous_SNP/Core/core.tab, /srv/phylo_results/bruker/phylo/test_ous_SNP/Gubbins/gubbins.recombination_predictions.gff, /srv/phylo_results/bruker/phylo/test_ous_SNP/27-05-2026/3xous/ID_Skani/species.txt, /srv/phylo_results/bruker/phylo/test_ous_SNP/SNP_Dists/snp_dists_parsnp.tsv, /srv/phylo_results/bruker/phylo/test_ous_SNP/SNP_Dists/snp_dists_gubbins.tsv, /srv/phylo_results/bruker/phylo/test_ous_SNP/27-05-2026/3xous/QUAST/report.html, /srv/phylo_results/bruker/phylo/test_ous_SNP/27-05-2026/3yous/QUAST/report.html, /srv/phylo_results/bruker/phylo/test_ous_SNP/27-05-2026/3yous/ID_Skani/species.txt, /srv/phylo_results/bruker/phylo/test_ous_SNP/27-05-2026/3wous/ID_Skani/species.txt, /srv/phylo_results/bruker/phylo/test_ous_SNP/IQtree/iqtree.treefile, /srv/phylo_results/bruker/phylo/test_ous_SNP/27-05-2026/3wous/QUAST/report.html, /srv/phylo_results/bruker/phylo/test_ous_SNP/Parsnp/parsnp.vcf, /srv/phylo_results/bruker/phylo/test_ous_SNP/Parsnp/parsnp.tree, /srv/phylo_results/bruker/phylo/test_ous_SNP/SNP_Dists/snp_dists.tsv
    resources: tmpdir=/tmp
[Thu May 28 12:54:04 2026]
Finished jobid: 34 (Rule: phylo_report)
34 of 35 steps (97%) done
Select jobs to execute...
Execute 1 jobs...
[Thu May 28 12:54:04 2026]
localrule all:
    input: /srv/phylo_results/bruker/phylo/test_ous_SNP/27-05-2026/3xous/MultiQC/multiqc_report.html, /srv/phylo_results/bruker/phylo/test_ous_SNP/27-05-2026/3wous/MultiQC/multiqc_report.html, /srv/phylo_results/bruker/phylo/test_ous_SNP/27-05-2026/3yous/MultiQC/multiqc_report.html, /srv/phylo_results/bruker/phylo/test_ous_SNP/27-05-2026/3xous/ID_Skani/species.txt, /srv/phylo_results/bruker/phylo/test_ous_SNP/27-05-2026/3wous/ID_Skani/species.txt, /srv/phylo_results/bruker/phylo/test_ous_SNP/27-05-2026/3yous/ID_Skani/species.txt, /srv/phylo_results/bruker/phylo/test_ous_SNP/27-05-2026/3xous/CheckM/quality.tsv, /srv/phylo_results/bruker/phylo/test_ous_SNP/27-05-2026/3wous/CheckM/quality.tsv, /srv/phylo_results/bruker/phylo/test_ous_SNP/27-05-2026/3yous/CheckM/quality.tsv, /srv/phylo_results/bruker/phylo/test_ous_SNP/SNP_Dists/snp_dists.tsv, /srv/phylo_results/bruker/phylo/test_ous_SNP/SNP_Dists/snp_dists_gubbins.tsv, /srv/phylo_results/bruker/phylo/test_ous_SNP/SNP_Dists/snp_dists_parsnp.tsv, /srv/phylo_results/bruker/phylo/test_ous_SNP/IQtree/iqtree.treefile, /srv/phylo_results/bruker/phylo/test_ous_SNP/Parsnp/parsnp.tree, /srv/phylo_results/bruker/phylo/test_ous_SNP/MultiQC_run/multiqc_report.html, /srv/phylo_results/bruker/phylo/test_ous_SNP/phylo_report.html
    jobid: 0
    reason: Input files updated by another job: /srv/phylo_results/bruker/phylo/test_ous_SNP/SNP_Dists/snp_dists_gubbins.tsv, /srv/phylo_results/bruker/phylo/test_ous_SNP/MultiQC_run/multiqc_report.html, /srv/phylo_results/bruker/phylo/test_ous_SNP/27-05-2026/3xous/ID_Skani/species.txt, /srv/phylo_results/bruker/phylo/test_ous_SNP/27-05-2026/3wous/MultiQC/multiqc_report.html, /srv/phylo_results/bruker/phylo/test_ous_SNP/SNP_Dists/snp_dists_parsnp.tsv, /srv/phylo_results/bruker/phylo/test_ous_SNP/27-05-2026/3yous/CheckM/quality.tsv, /srv/phylo_results/bruker/phylo/test_ous_SNP/phylo_report.html, /srv/phylo_results/bruker/phylo/test_ous_SNP/27-05-2026/3wous/CheckM/quality.tsv, /srv/phylo_results/bruker/phylo/test_ous_SNP/27-05-2026/3yous/ID_Skani/species.txt, /srv/phylo_results/bruker/phylo/test_ous_SNP/27-05-2026/3wous/ID_Skani/species.txt, /srv/phylo_results/bruker/phylo/test_ous_SNP/IQtree/iqtree.treefile, /srv/phylo_results/bruker/phylo/test_ous_SNP/27-05-2026/3yous/MultiQC/multiqc_report.html, /srv/phylo_results/bruker/phylo/test_ous_SNP/27-05-2026/3xous/CheckM/quality.tsv, /srv/phylo_results/bruker/phylo/test_ous_SNP/Parsnp/parsnp.tree, /srv/phylo_results/bruker/phylo/test_ous_SNP/27-05-2026/3xous/MultiQC/multiqc_report.html, /srv/phylo_results/bruker/phylo/test_ous_SNP/SNP_Dists/snp_dists.tsv
    resources: tmpdir=/tmp
[Thu May 28 12:54:04 2026]
Finished jobid: 0 (Rule: all)
35 of 35 steps (100%) done
Complete log(s): /home/bruker/genomics/.snakemake/log/2026-05-28T124518.227004.snakemake.log
